{"level":"info","message":"API gateway running on port 3000","server":"api-gateway","timestamp":"2025-11-14T09:18:51.960Z"}
{"level":"info","message":"identity service is running on port; http://localhost:3001","server":"api-gateway","timestamp":"2025-11-14T09:18:51.963Z"}
{"level":"info","message":"redis url is running on port; redis://localhost:6379","server":"api-gateway","timestamp":"2025-11-14T09:18:51.964Z"}
{"level":"info","message":"API gateway running on port 3000","server":"api-gateway","timestamp":"2025-11-14T10:34:37.641Z"}
{"level":"info","message":"identity service is running on port; http://localhost:3001","server":"api-gateway","timestamp":"2025-11-14T10:34:37.645Z"}
{"level":"info","message":"redis url is running on port; redis://localhost:6379","server":"api-gateway","timestamp":"2025-11-14T10:34:37.645Z"}
{"level":"info","message":"API gateway running on port 3000","server":"api-gateway","timestamp":"2025-11-14T10:34:40.239Z"}
{"level":"info","message":"identity service is running on port; http://localhost:3001","server":"api-gateway","timestamp":"2025-11-14T10:34:40.243Z"}
{"level":"info","message":"redis url is running on port; redis://localhost:6379","server":"api-gateway","timestamp":"2025-11-14T10:34:40.244Z"}
{"level":"info","message":"API gateway running on port 3000","server":"api-gateway","timestamp":"2025-11-14T10:34:42.057Z"}
{"level":"info","message":"identity service is running on port; http://localhost:3001","server":"api-gateway","timestamp":"2025-11-14T10:34:42.061Z"}
{"level":"info","message":"redis url is running on port; redis://localhost:6379","server":"api-gateway","timestamp":"2025-11-14T10:34:42.062Z"}
{"level":"info","message":"API gateway running on port 3000","server":"api-gateway","timestamp":"2025-11-14T10:34:43.774Z"}
{"level":"info","message":"identity service is running on port; http://localhost:3001","server":"api-gateway","timestamp":"2025-11-14T10:34:43.777Z"}
{"level":"info","message":"redis url is running on port; redis://localhost:6379","server":"api-gateway","timestamp":"2025-11-14T10:34:43.778Z"}
{"level":"info","message":"API gateway running on port 3000","server":"api-gateway","timestamp":"2025-11-14T10:34:45.320Z"}
{"level":"info","message":"identity service is running on port; http://localhost:3001","server":"api-gateway","timestamp":"2025-11-14T10:34:45.325Z"}
{"level":"info","message":"redis url is running on port; redis://localhost:6379","server":"api-gateway","timestamp":"2025-11-14T10:34:45.326Z"}
{"level":"info","message":"API gateway running on port 3000","server":"api-gateway","timestamp":"2025-11-14T10:34:46.922Z"}
{"level":"info","message":"identity service is running on port; http://localhost:3001","server":"api-gateway","timestamp":"2025-11-14T10:34:46.926Z"}
{"level":"info","message":"redis url is running on port; redis://localhost:6379","server":"api-gateway","timestamp":"2025-11-14T10:34:46.927Z"}
{"level":"info","message":"Received POST request to /v1/auth/register","server":"api-gateway","timestamp":"2025-11-14T10:50:37.167Z"}
{"level":"info","message":"Request body: {\"username\":\"dafriyie1\",\"email\":\"dafriyie1@gmail.com\",\"password\":\"password\"}","server":"api-gateway","timestamp":"2025-11-14T10:50:37.167Z"}
{"level":"info","message":"response received from identity service: 404","server":"api-gateway","timestamp":"2025-11-14T10:50:37.255Z"}
{"level":"info","message":"Received POST request to /v1/auth/register","server":"api-gateway","timestamp":"2025-11-14T10:51:40.708Z"}
{"level":"info","message":"Request body: {\"username\":\"dafriyie2\",\"email\":\"dafriyie2@gmail.com\",\"password\":\"password\"}","server":"api-gateway","timestamp":"2025-11-14T10:51:40.708Z"}
{"level":"info","message":"response received from identity service: 404","server":"api-gateway","timestamp":"2025-11-14T10:51:40.721Z"}
{"level":"info","message":"API gateway running on port 3000","server":"api-gateway","timestamp":"2025-11-14T10:55:00.402Z"}
{"level":"info","message":"Identity service URL: http://localhost:3001","server":"api-gateway","timestamp":"2025-11-14T10:55:00.406Z"}
{"level":"info","message":"Redis URL: redis://localhost:6379","server":"api-gateway","timestamp":"2025-11-14T10:55:00.407Z"}
{"level":"info","message":"Received POST request to /v1/auth/register","server":"api-gateway","timestamp":"2025-11-14T10:55:14.925Z"}
{"level":"info","message":"Request body: {\"username\":\"dafriyie2\",\"email\":\"dafriyie2@gmail.com\",\"password\":\"password\"}","server":"api-gateway","timestamp":"2025-11-14T10:55:14.926Z"}
{"level":"info","message":"Response received from identity service: 201","server":"api-gateway","timestamp":"2025-11-14T10:55:15.182Z"}
{"level":"info","message":"Received POST request to /v1/auth/register","server":"api-gateway","timestamp":"2025-11-14T11:25:05.563Z"}
{"level":"info","message":"Request body: {\"username\":\"dafriyie2\",\"email\":\"dafriyie2@gmail.com\",\"password\":\"password\"}","server":"api-gateway","timestamp":"2025-11-14T11:25:05.563Z"}
{"level":"info","message":"Response received from identity service: 400","server":"api-gateway","timestamp":"2025-11-14T11:25:05.582Z"}
