{"level":"error","message":"mongo connection error The `uri` parameter to `openUri()` must be a string, got \"undefined\". Make sure the first parameter to `mongoose.connect()` or `mongoose.createConnection()` is a string.","server":"identity-service","stack":"MongooseError: The `uri` parameter to `openUri()` must be a string, got \"undefined\". Make sure the first parameter to `mongoose.connect()` or `mongoose.createConnection()` is a string.\n    at NativeConnection.createClient (/home/dafriyie7/dev/express/microservices/social-media-microservice/identity-service/node_modules/mongoose/lib/drivers/node-mongodb-native/connection.js:237:11)\n    at NativeConnection.openUri (/home/dafriyie7/dev/express/microservices/social-media-microservice/identity-service/node_modules/mongoose/lib/connection.js:1075:34)\n    at Mongoose.connect (/home/dafriyie7/dev/express/microservices/social-media-microservice/identity-service/node_modules/mongoose/lib/mongoose.js:450:15)\n    at file:///home/dafriyie7/dev/express/microservices/social-media-microservice/identity-service/src/server.js:18:3\n    at ModuleJob.run (node:internal/modules/esm/module_job:274:25)\n    at async onImport.tracePromise.__proto__ (node:internal/modules/esm/loader:644:26)\n    at async asyncRunEntryPointWithESMLoader (node:internal/modules/run_main:116:5)","timestamp":"2025-11-13T11:12:46.863Z"}
{"level":"error","message":"mongo connection error The `uri` parameter to `openUri()` must be a string, got \"undefined\". Make sure the first parameter to `mongoose.connect()` or `mongoose.createConnection()` is a string.","server":"identity-service","stack":"MongooseError: The `uri` parameter to `openUri()` must be a string, got \"undefined\". Make sure the first parameter to `mongoose.connect()` or `mongoose.createConnection()` is a string.\n    at NativeConnection.createClient (/home/dafriyie7/dev/express/microservices/social-media-microservice/identity-service/node_modules/mongoose/lib/drivers/node-mongodb-native/connection.js:237:11)\n    at NativeConnection.openUri (/home/dafriyie7/dev/express/microservices/social-media-microservice/identity-service/node_modules/mongoose/lib/connection.js:1075:34)\n    at Mongoose.connect (/home/dafriyie7/dev/express/microservices/social-media-microservice/identity-service/node_modules/mongoose/lib/mongoose.js:450:15)\n    at file:///home/dafriyie7/dev/express/microservices/social-media-microservice/identity-service/src/server.js:18:3\n    at ModuleJob.run (node:internal/modules/esm/module_job:274:25)\n    at async onImport.tracePromise.__proto__ (node:internal/modules/esm/loader:644:26)\n    at async asyncRunEntryPointWithESMLoader (node:internal/modules/run_main:116:5)","timestamp":"2025-11-13T11:12:59.647Z"}
{"level":"error","message":"mongo connection error The `uri` parameter to `openUri()` must be a string, got \"undefined\". Make sure the first parameter to `mongoose.connect()` or `mongoose.createConnection()` is a string.","server":"identity-service","stack":"MongooseError: The `uri` parameter to `openUri()` must be a string, got \"undefined\". Make sure the first parameter to `mongoose.connect()` or `mongoose.createConnection()` is a string.\n    at NativeConnection.createClient (/home/dafriyie7/dev/express/microservices/social-media-microservice/identity-service/node_modules/mongoose/lib/drivers/node-mongodb-native/connection.js:237:11)\n    at NativeConnection.openUri (/home/dafriyie7/dev/express/microservices/social-media-microservice/identity-service/node_modules/mongoose/lib/connection.js:1075:34)\n    at Mongoose.connect (/home/dafriyie7/dev/express/microservices/social-media-microservice/identity-service/node_modules/mongoose/lib/mongoose.js:450:15)\n    at file:///home/dafriyie7/dev/express/microservices/social-media-microservice/identity-service/src/server.js:18:3\n    at ModuleJob.run (node:internal/modules/esm/module_job:274:25)\n    at async onImport.tracePromise.__proto__ (node:internal/modules/esm/loader:644:26)\n    at async asyncRunEntryPointWithESMLoader (node:internal/modules/run_main:116:5)","timestamp":"2025-11-13T11:13:34.091Z"}
{"level":"error","message":"mongo connection error The `uri` parameter to `openUri()` must be a string, got \"undefined\". Make sure the first parameter to `mongoose.connect()` or `mongoose.createConnection()` is a string.","server":"identity-service","stack":"MongooseError: The `uri` parameter to `openUri()` must be a string, got \"undefined\". Make sure the first parameter to `mongoose.connect()` or `mongoose.createConnection()` is a string.\n    at NativeConnection.createClient (/home/dafriyie7/dev/express/microservices/social-media-microservice/identity-service/node_modules/mongoose/lib/drivers/node-mongodb-native/connection.js:237:11)\n    at NativeConnection.openUri (/home/dafriyie7/dev/express/microservices/social-media-microservice/identity-service/node_modules/mongoose/lib/connection.js:1075:34)\n    at Mongoose.connect (/home/dafriyie7/dev/express/microservices/social-media-microservice/identity-service/node_modules/mongoose/lib/mongoose.js:450:15)\n    at file:///home/dafriyie7/dev/express/microservices/social-media-microservice/identity-service/src/server.js:18:3\n    at ModuleJob.run (node:internal/modules/esm/module_job:274:25)\n    at async onImport.tracePromise.__proto__ (node:internal/modules/esm/loader:644:26)\n    at async asyncRunEntryPointWithESMLoader (node:internal/modules/run_main:116:5)","timestamp":"2025-11-13T11:15:48.356Z"}
{"level":"error","message":"mongo connection error The `uri` parameter to `openUri()` must be a string, got \"undefined\". Make sure the first parameter to `mongoose.connect()` or `mongoose.createConnection()` is a string.","server":"identity-service","stack":"MongooseError: The `uri` parameter to `openUri()` must be a string, got \"undefined\". Make sure the first parameter to `mongoose.connect()` or `mongoose.createConnection()` is a string.\n    at NativeConnection.createClient (/home/dafriyie7/dev/express/microservices/social-media-microservice/identity-service/node_modules/mongoose/lib/drivers/node-mongodb-native/connection.js:237:11)\n    at NativeConnection.openUri (/home/dafriyie7/dev/express/microservices/social-media-microservice/identity-service/node_modules/mongoose/lib/connection.js:1075:34)\n    at Mongoose.connect (/home/dafriyie7/dev/express/microservices/social-media-microservice/identity-service/node_modules/mongoose/lib/mongoose.js:450:15)\n    at file:///home/dafriyie7/dev/express/microservices/social-media-microservice/identity-service/src/server.js:20:3\n    at ModuleJob.run (node:internal/modules/esm/module_job:274:25)\n    at async onImport.tracePromise.__proto__ (node:internal/modules/esm/loader:644:26)\n    at async asyncRunEntryPointWithESMLoader (node:internal/modules/run_main:116:5)","timestamp":"2025-11-13T11:16:38.775Z"}
{"level":"info","message":"connected to mongodb","server":"identity-service","timestamp":"2025-11-13T11:18:36.389Z"}
{"level":"info","message":"connected to mongodb","server":"identity-service","timestamp":"2025-11-13T11:18:57.653Z"}
{"level":"info","message":"connected to mongodb","server":"identity-service","timestamp":"2025-11-13T11:19:51.809Z"}
{"level":"info","message":"connected to mongodb","server":"identity-service","timestamp":"2025-11-13T11:20:20.912Z"}
{"level":"info","message":"identity service running on port 3001","server":"identity-service","timestamp":"2025-11-13T11:20:25.582Z"}
{"level":"info","message":"connected to mongodb","server":"identity-service","timestamp":"2025-11-13T11:20:25.605Z"}
{"level":"info","message":"Identity service running on port 3001","server":"identity-service","timestamp":"2025-11-13T11:20:58.744Z"}
{"level":"info","message":"Connected to MongoDB","server":"identity-service","timestamp":"2025-11-13T11:20:58.767Z"}
{"level":"info","message":"Identity service running on port 3001","server":"identity-service","timestamp":"2025-11-13T11:21:09.935Z"}
{"level":"info","message":"Connected to MongoDB","server":"identity-service","timestamp":"2025-11-13T11:21:09.957Z"}
{"level":"info","message":"Identity service running on port 3001","server":"identity-service","timestamp":"2025-11-13T11:28:47.718Z"}
{"level":"info","message":"Connected to MongoDB","server":"identity-service","timestamp":"2025-11-13T11:28:47.741Z"}
{"level":"info","message":"Received POST request to /api/auth/register","server":"identity-service","timestamp":"2025-11-13T12:05:01.708Z"}
{"level":"info","message":"Request body: {\"username\":\"dafriyie7\",\"email\":\"dafriyie7@gmail.com\",\"password\":\"password\"}","server":"identity-service","timestamp":"2025-11-13T12:05:01.708Z"}
{"level":"info","message":"Registration endpoint hit...","server":"identity-service","timestamp":"2025-11-13T12:05:01.718Z"}
{"code":73,"codeName":"InvalidNamespace","errorLabelSet":{},"errorResponse":{"code":73,"codeName":"InvalidNamespace","errmsg":"Invalid namespace specified: mydatabase/social-media-microservice.users","ok":0},"level":"error","message":"registration error occured Invalid namespace specified: mydatabase/social-media-microservice.users","ok":0,"server":"identity-service","stack":"MongoServerError: Invalid namespace specified: mydatabase/social-media-microservice.users\n    at Connection.sendCommand (/home/dafriyie7/dev/express/microservices/social-media-microservice/identity-service/node_modules/mongodb/lib/cmap/connection.js:306:27)\n    at process.processTicksAndRejections (node:internal/process/task_queues:105:5)\n    at async Connection.command (/home/dafriyie7/dev/express/microservices/social-media-microservice/identity-service/node_modules/mongodb/lib/cmap/connection.js:334:26)\n    at async Server.command (/home/dafriyie7/dev/express/microservices/social-media-microservice/identity-service/node_modules/mongodb/lib/sdam/server.js:194:29)\n    at async tryOperation (/home/dafriyie7/dev/express/microservices/social-media-microservice/identity-service/node_modules/mongodb/lib/operations/execute_operation.js:213:32)\n    at async executeOperation (/home/dafriyie7/dev/express/microservices/social-media-microservice/identity-service/node_modules/mongodb/lib/operations/execute_operation.js:78:16)\n    at async FindCursor._initialize (/home/dafriyie7/dev/express/microservices/social-media-microservice/identity-service/node_modules/mongodb/lib/cursor/find_cursor.js:62:26)\n    at async FindCursor.cursorInit (/home/dafriyie7/dev/express/microservices/social-media-microservice/identity-service/node_modules/mongodb/lib/cursor/abstract_cursor.js:632:27)\n    at async FindCursor.fetchBatch (/home/dafriyie7/dev/express/microservices/social-media-microservice/identity-service/node_modules/mongodb/lib/cursor/abstract_cursor.js:666:13)\n    at async FindCursor.next (/home/dafriyie7/dev/express/microservices/social-media-microservice/identity-service/node_modules/mongodb/lib/cursor/abstract_cursor.js:342:17)","timestamp":"2025-11-13T12:05:01.740Z"}
{"level":"info","message":"Received POST request to /api/auth/register","server":"identity-service","timestamp":"2025-11-13T12:05:45.125Z"}
{"level":"info","message":"Request body: {\"username\":\"dafriyie7\",\"email\":\"dafriyie7@gmail.com\",\"password\":\"password\"}","server":"identity-service","timestamp":"2025-11-13T12:05:45.125Z"}
{"level":"info","message":"Registration endpoint hit...","server":"identity-service","timestamp":"2025-11-13T12:05:45.128Z"}
{"code":73,"codeName":"InvalidNamespace","errorLabelSet":{},"errorResponse":{"code":73,"codeName":"InvalidNamespace","errmsg":"Invalid namespace specified: mydatabase/social-media-microservice.users","ok":0},"level":"error","message":"registration error occured Invalid namespace specified: mydatabase/social-media-microservice.users","ok":0,"server":"identity-service","stack":"MongoServerError: Invalid namespace specified: mydatabase/social-media-microservice.users\n    at Connection.sendCommand (/home/dafriyie7/dev/express/microservices/social-media-microservice/identity-service/node_modules/mongodb/lib/cmap/connection.js:306:27)\n    at process.processTicksAndRejections (node:internal/process/task_queues:105:5)\n    at async Connection.command (/home/dafriyie7/dev/express/microservices/social-media-microservice/identity-service/node_modules/mongodb/lib/cmap/connection.js:334:26)\n    at async Server.command (/home/dafriyie7/dev/express/microservices/social-media-microservice/identity-service/node_modules/mongodb/lib/sdam/server.js:194:29)\n    at async tryOperation (/home/dafriyie7/dev/express/microservices/social-media-microservice/identity-service/node_modules/mongodb/lib/operations/execute_operation.js:213:32)\n    at async executeOperation (/home/dafriyie7/dev/express/microservices/social-media-microservice/identity-service/node_modules/mongodb/lib/operations/execute_operation.js:78:16)\n    at async FindCursor._initialize (/home/dafriyie7/dev/express/microservices/social-media-microservice/identity-service/node_modules/mongodb/lib/cursor/find_cursor.js:62:26)\n    at async FindCursor.cursorInit (/home/dafriyie7/dev/express/microservices/social-media-microservice/identity-service/node_modules/mongodb/lib/cursor/abstract_cursor.js:632:27)\n    at async FindCursor.fetchBatch (/home/dafriyie7/dev/express/microservices/social-media-microservice/identity-service/node_modules/mongodb/lib/cursor/abstract_cursor.js:666:13)\n    at async FindCursor.next (/home/dafriyie7/dev/express/microservices/social-media-microservice/identity-service/node_modules/mongodb/lib/cursor/abstract_cursor.js:342:17)","timestamp":"2025-11-13T12:05:45.134Z"}
{"level":"info","message":"Identity service running on port 3001","server":"identity-service","timestamp":"2025-11-13T12:06:16.474Z"}
{"level":"info","message":"Connected to MongoDB","server":"identity-service","timestamp":"2025-11-13T12:06:16.496Z"}
{"level":"info","message":"Received POST request to /api/auth/register","server":"identity-service","timestamp":"2025-11-13T12:06:19.390Z"}
{"level":"info","message":"Request body: {\"username\":\"dafriyie7\",\"email\":\"dafriyie7@gmail.com\",\"password\":\"password\"}","server":"identity-service","timestamp":"2025-11-13T12:06:19.390Z"}
{"level":"info","message":"Registration endpoint hit...","server":"identity-service","timestamp":"2025-11-13T12:06:19.399Z"}
{"code":73,"codeName":"InvalidNamespace","errorLabelSet":{},"errorResponse":{"code":73,"codeName":"InvalidNamespace","errmsg":"Invalid namespace specified: mydatabase/social-media-microservice.users","ok":0},"level":"error","message":"registration error occured Invalid namespace specified: mydatabase/social-media-microservice.users","ok":0,"server":"identity-service","stack":"MongoServerError: Invalid namespace specified: mydatabase/social-media-microservice.users\n    at Connection.sendCommand (/home/dafriyie7/dev/express/microservices/social-media-microservice/identity-service/node_modules/mongodb/lib/cmap/connection.js:306:27)\n    at process.processTicksAndRejections (node:internal/process/task_queues:105:5)\n    at async Connection.command (/home/dafriyie7/dev/express/microservices/social-media-microservice/identity-service/node_modules/mongodb/lib/cmap/connection.js:334:26)\n    at async Server.command (/home/dafriyie7/dev/express/microservices/social-media-microservice/identity-service/node_modules/mongodb/lib/sdam/server.js:194:29)\n    at async tryOperation (/home/dafriyie7/dev/express/microservices/social-media-microservice/identity-service/node_modules/mongodb/lib/operations/execute_operation.js:213:32)\n    at async executeOperation (/home/dafriyie7/dev/express/microservices/social-media-microservice/identity-service/node_modules/mongodb/lib/operations/execute_operation.js:78:16)\n    at async FindCursor._initialize (/home/dafriyie7/dev/express/microservices/social-media-microservice/identity-service/node_modules/mongodb/lib/cursor/find_cursor.js:62:26)\n    at async FindCursor.cursorInit (/home/dafriyie7/dev/express/microservices/social-media-microservice/identity-service/node_modules/mongodb/lib/cursor/abstract_cursor.js:632:27)\n    at async FindCursor.fetchBatch (/home/dafriyie7/dev/express/microservices/social-media-microservice/identity-service/node_modules/mongodb/lib/cursor/abstract_cursor.js:666:13)\n    at async FindCursor.next (/home/dafriyie7/dev/express/microservices/social-media-microservice/identity-service/node_modules/mongodb/lib/cursor/abstract_cursor.js:342:17)","timestamp":"2025-11-13T12:06:19.418Z"}
{"level":"info","message":"Received POST request to /api/auth/register","server":"identity-service","timestamp":"2025-11-13T12:08:08.681Z"}
{"level":"info","message":"Request body: {\"username\":\"dafriyie7\",\"email\":\"dafriyie7@gmail.com\",\"password\":\"password\"}","server":"identity-service","timestamp":"2025-11-13T12:08:08.681Z"}
{"level":"info","message":"Registration endpoint hit...","server":"identity-service","timestamp":"2025-11-13T12:08:08.684Z"}
{"code":73,"codeName":"InvalidNamespace","errorLabelSet":{},"errorResponse":{"code":73,"codeName":"InvalidNamespace","errmsg":"Invalid namespace specified: mydatabase/social-media-microservice.users","ok":0},"level":"error","message":"registration error occured Invalid namespace specified: mydatabase/social-media-microservice.users","ok":0,"server":"identity-service","stack":"MongoServerError: Invalid namespace specified: mydatabase/social-media-microservice.users\n    at Connection.sendCommand (/home/dafriyie7/dev/express/microservices/social-media-microservice/identity-service/node_modules/mongodb/lib/cmap/connection.js:306:27)\n    at process.processTicksAndRejections (node:internal/process/task_queues:105:5)\n    at async Connection.command (/home/dafriyie7/dev/express/microservices/social-media-microservice/identity-service/node_modules/mongodb/lib/cmap/connection.js:334:26)\n    at async Server.command (/home/dafriyie7/dev/express/microservices/social-media-microservice/identity-service/node_modules/mongodb/lib/sdam/server.js:194:29)\n    at async tryOperation (/home/dafriyie7/dev/express/microservices/social-media-microservice/identity-service/node_modules/mongodb/lib/operations/execute_operation.js:213:32)\n    at async executeOperation (/home/dafriyie7/dev/express/microservices/social-media-microservice/identity-service/node_modules/mongodb/lib/operations/execute_operation.js:78:16)\n    at async FindCursor._initialize (/home/dafriyie7/dev/express/microservices/social-media-microservice/identity-service/node_modules/mongodb/lib/cursor/find_cursor.js:62:26)\n    at async FindCursor.cursorInit (/home/dafriyie7/dev/express/microservices/social-media-microservice/identity-service/node_modules/mongodb/lib/cursor/abstract_cursor.js:632:27)\n    at async FindCursor.fetchBatch (/home/dafriyie7/dev/express/microservices/social-media-microservice/identity-service/node_modules/mongodb/lib/cursor/abstract_cursor.js:666:13)\n    at async FindCursor.next (/home/dafriyie7/dev/express/microservices/social-media-microservice/identity-service/node_modules/mongodb/lib/cursor/abstract_cursor.js:342:17)","timestamp":"2025-11-13T12:08:08.690Z"}
{"level":"info","message":"Identity service running on port 3001","server":"identity-service","timestamp":"2025-11-13T12:08:18.007Z"}
{"level":"info","message":"Connected to MongoDB","server":"identity-service","timestamp":"2025-11-13T12:08:18.034Z"}
{"level":"info","message":"Received POST request to /api/auth/register","server":"identity-service","timestamp":"2025-11-13T12:08:19.842Z"}
{"level":"info","message":"Request body: {\"username\":\"dafriyie7\",\"email\":\"dafriyie7@gmail.com\",\"password\":\"password\"}","server":"identity-service","timestamp":"2025-11-13T12:08:19.843Z"}
{"level":"info","message":"Registration endpoint hit...","server":"identity-service","timestamp":"2025-11-13T12:08:19.852Z"}
{"buffer":{"data":[105,21,202,51,178,197,28,236,12,180,119,132],"type":"Buffer"},"level":"warn","message":"user registered successfully","server":"identity-service","timestamp":"2025-11-13T12:08:20.038Z"}
{"level":"error","message":"registration error occured crypto.randomBytes is not a function","server":"identity-service","stack":"TypeError: crypto.randomBytes is not a function\n    at generateToken (file:///home/dafriyie7/dev/express/microservices/social-media-microservice/identity-service/src/utils/generateToken.js:13:30)\n    at registerUser (file:///home/dafriyie7/dev/express/microservices/social-media-microservice/identity-service/src/controllers/identityController.js:36:47)\n    at process.processTicksAndRejections (node:internal/process/task_queues:105:5)","timestamp":"2025-11-13T12:08:20.043Z"}
{"level":"info","message":"Identity service running on port 3001","server":"identity-service","timestamp":"2025-11-13T12:08:54.899Z"}
{"level":"info","message":"Connected to MongoDB","server":"identity-service","timestamp":"2025-11-13T12:08:54.922Z"}
{"level":"info","message":"Received POST request to /api/auth/register","server":"identity-service","timestamp":"2025-11-13T12:08:59.189Z"}
{"level":"info","message":"Request body: {\"username\":\"dafriyie7\",\"email\":\"dafriyie7@gmail.com\",\"password\":\"password\"}","server":"identity-service","timestamp":"2025-11-13T12:08:59.190Z"}
{"level":"info","message":"Registration endpoint hit...","server":"identity-service","timestamp":"2025-11-13T12:08:59.198Z"}
{"level":"warn","message":"user already exists","server":"identity-service","timestamp":"2025-11-13T12:08:59.225Z"}
{"level":"info","message":"Received POST request to /api/auth/register","server":"identity-service","timestamp":"2025-11-13T12:09:28.865Z"}
{"level":"info","message":"Request body: {\"username\":\"dafriyie\",\"email\":\"dafriyie@gmail.com\",\"password\":\"password\"}","server":"identity-service","timestamp":"2025-11-13T12:09:28.866Z"}
{"level":"info","message":"Registration endpoint hit...","server":"identity-service","timestamp":"2025-11-13T12:09:28.868Z"}
{"buffer":{"data":[105,21,202,120,197,34,124,107,176,223,210,4],"type":"Buffer"},"level":"warn","message":"user registered successfully","server":"identity-service","timestamp":"2025-11-13T12:09:29.010Z"}
{"level":"error","message":"registration error occured crypto.randomBytes is not a function","server":"identity-service","stack":"TypeError: crypto.randomBytes is not a function\n    at generateToken (file:///home/dafriyie7/dev/express/microservices/social-media-microservice/identity-service/src/utils/generateToken.js:13:30)\n    at registerUser (file:///home/dafriyie7/dev/express/microservices/social-media-microservice/identity-service/src/controllers/identityController.js:36:47)\n    at process.processTicksAndRejections (node:internal/process/task_queues:105:5)","timestamp":"2025-11-13T12:09:29.017Z"}
{"level":"info","message":"Identity service running on port 3001","server":"identity-service","timestamp":"2025-11-13T12:11:31.595Z"}
{"level":"info","message":"Connected to MongoDB","server":"identity-service","timestamp":"2025-11-13T12:11:31.616Z"}
{"level":"info","message":"Identity service running on port 3001","server":"identity-service","timestamp":"2025-11-13T12:11:33.983Z"}
{"level":"info","message":"Connected to MongoDB","server":"identity-service","timestamp":"2025-11-13T12:11:34.005Z"}
{"level":"info","message":"Identity service running on port 3001","server":"identity-service","timestamp":"2025-11-13T12:13:01.151Z"}
{"level":"info","message":"Connected to MongoDB","server":"identity-service","timestamp":"2025-11-13T12:13:01.173Z"}
{"level":"info","message":"Identity service running on port 3001","server":"identity-service","timestamp":"2025-11-13T12:13:09.790Z"}
{"level":"info","message":"Connected to MongoDB","server":"identity-service","timestamp":"2025-11-13T12:13:09.813Z"}
{"level":"info","message":"Identity service running on port 3001","server":"identity-service","timestamp":"2025-11-13T12:13:16.660Z"}
{"level":"info","message":"Connected to MongoDB","server":"identity-service","timestamp":"2025-11-13T12:13:16.685Z"}
{"level":"info","message":"Received POST request to /api/auth/register","server":"identity-service","timestamp":"2025-11-13T12:15:50.197Z"}
{"level":"info","message":"Request body: {\"username\":\"dafriyie1\",\"email\":\"dafriyie1@gmail.com\",\"password\":\"password\"}","server":"identity-service","timestamp":"2025-11-13T12:15:50.198Z"}
{"level":"info","message":"Registration endpoint hit...","server":"identity-service","timestamp":"2025-11-13T12:15:50.206Z"}
{"buffer":{"data":[105,21,203,246,51,138,79,176,119,229,214,47],"type":"Buffer"},"level":"warn","message":"user registered successfully","server":"identity-service","timestamp":"2025-11-13T12:15:50.346Z"}
{"level":"info","message":"Identity service running on port 3001","server":"identity-service","timestamp":"2025-11-14T09:06:38.957Z"}
{"level":"info","message":"Connected to MongoDB","server":"identity-service","timestamp":"2025-11-14T09:06:38.989Z"}
{"level":"info","message":"Received POST request to /register","server":"identity-service","timestamp":"2025-11-14T10:50:37.217Z"}
{"level":"info","message":"Request body: {\"username\":\"dafriyie1\",\"email\":\"dafriyie1@gmail.com\",\"password\":\"password\"}","server":"identity-service","timestamp":"2025-11-14T10:50:37.230Z"}
{"level":"info","message":"Received POST request to /register","server":"identity-service","timestamp":"2025-11-14T10:51:40.717Z"}
{"level":"info","message":"Request body: {\"username\":\"dafriyie2\",\"email\":\"dafriyie2@gmail.com\",\"password\":\"password\"}","server":"identity-service","timestamp":"2025-11-14T10:51:40.718Z"}
{"level":"info","message":"Received POST request to /api/auth/register","server":"identity-service","timestamp":"2025-11-14T10:55:14.940Z"}
{"level":"info","message":"Request body: {\"username\":\"dafriyie2\",\"email\":\"dafriyie2@gmail.com\",\"password\":\"password\"}","server":"identity-service","timestamp":"2025-11-14T10:55:14.941Z"}
{"level":"info","message":"Registration endpoint hit...","server":"identity-service","timestamp":"2025-11-14T10:55:14.952Z"}
{"buffer":{"data":[105,23,10,147,51,138,79,176,119,229,214,52],"type":"Buffer"},"level":"warn","message":"user registered successfully","server":"identity-service","timestamp":"2025-11-14T10:55:15.155Z"}
{"level":"info","message":"Received POST request to /api/auth/register","server":"identity-service","timestamp":"2025-11-14T11:25:05.567Z"}
{"level":"info","message":"Request body: {\"username\":\"dafriyie2\",\"email\":\"dafriyie2@gmail.com\",\"password\":\"password\"}","server":"identity-service","timestamp":"2025-11-14T11:25:05.567Z"}
{"level":"info","message":"Registration endpoint hit...","server":"identity-service","timestamp":"2025-11-14T11:25:05.569Z"}
{"level":"warn","message":"user already exists","server":"identity-service","timestamp":"2025-11-14T11:25:05.580Z"}
{"level":"info","message":"Identity service running on port 3001","server":"identity-service","timestamp":"2025-11-14T11:25:36.469Z"}
{"level":"info","message":"Connected to MongoDB","server":"identity-service","timestamp":"2025-11-14T11:25:36.492Z"}
{"level":"info","message":"Identity service running on port 3001","server":"identity-service","timestamp":"2025-11-14T11:27:25.321Z"}
{"level":"info","message":"Connected to MongoDB","server":"identity-service","timestamp":"2025-11-14T11:27:25.346Z"}
{"level":"info","message":"Identity service running on port 3001","server":"identity-service","timestamp":"2025-11-14T11:27:37.208Z"}
{"level":"info","message":"Connected to MongoDB","server":"identity-service","timestamp":"2025-11-14T11:27:37.232Z"}
{"level":"info","message":"Identity service running on port 3001","server":"identity-service","timestamp":"2025-11-14T11:27:39.545Z"}
{"level":"info","message":"Connected to MongoDB","server":"identity-service","timestamp":"2025-11-14T11:27:39.570Z"}
{"level":"info","message":"Identity service running on port 3001","server":"identity-service","timestamp":"2025-11-14T11:27:41.277Z"}
{"level":"info","message":"Connected to MongoDB","server":"identity-service","timestamp":"2025-11-14T11:27:41.301Z"}
{"level":"info","message":"Identity service running on port 3001","server":"identity-service","timestamp":"2025-11-14T11:27:58.737Z"}
{"level":"info","message":"Connected to MongoDB","server":"identity-service","timestamp":"2025-11-14T11:27:58.760Z"}
{"level":"info","message":"Identity service running on port 3001","server":"identity-service","timestamp":"2025-11-14T11:28:04.081Z"}
{"level":"info","message":"Connected to MongoDB","server":"identity-service","timestamp":"2025-11-14T11:28:04.103Z"}
{"level":"info","message":"Identity service running on port 3001","server":"identity-service","timestamp":"2025-11-14T11:39:42.864Z"}
{"level":"info","message":"Connected to MongoDB","server":"identity-service","timestamp":"2025-11-14T11:39:42.886Z"}
{"level":"info","message":"Received GET request to /api/auth/login","server":"identity-service","timestamp":"2025-11-14T11:42:29.362Z"}
{"level":"info","message":"Request body: {\"email\":\"dafriyie7@gmail.com\",\"password\":\"password\"}","server":"identity-service","timestamp":"2025-11-14T11:42:29.362Z"}
{"level":"info","message":"Received GET request to /api/auth/login","server":"identity-service","timestamp":"2025-11-14T11:44:52.362Z"}
{"level":"info","message":"Request body: {\"email\":\"dafriyie7@gmail.com\",\"password\":\"password\"}","server":"identity-service","timestamp":"2025-11-14T11:44:52.362Z"}
{"level":"info","message":"Received GET request to /api/auth/register","server":"identity-service","timestamp":"2025-11-14T11:45:14.192Z"}
{"level":"info","message":"Request body: {\"email\":\"dafriyie7@gmail.com\",\"password\":\"password\"}","server":"identity-service","timestamp":"2025-11-14T11:45:14.192Z"}
{"level":"info","message":"Received GET request to /api/auth/register","server":"identity-service","timestamp":"2025-11-14T11:46:15.173Z"}
{"level":"info","message":"Request body: {\"email\":\"dafriyie7@gmail.com\",\"password\":\"password\",\"username\":\"dafriyie7\"}","server":"identity-service","timestamp":"2025-11-14T11:46:15.174Z"}
{"level":"info","message":"Received GET request to /api/auth/register","server":"identity-service","timestamp":"2025-11-14T11:46:37.295Z"}
{"level":"info","message":"Request body: {\"email\":\"dafriyie7@gmail.com\",\"password\":\"password\",\"username\":\"dafriyie7\"}","server":"identity-service","timestamp":"2025-11-14T11:46:37.295Z"}
{"level":"info","message":"Received POST request to /api/auth/register","server":"identity-service","timestamp":"2025-11-14T11:47:42.749Z"}
{"level":"info","message":"Request body: {\"email\":\"dafriyie7@gmail.com\",\"password\":\"password\",\"username\":\"dafriyie7\"}","server":"identity-service","timestamp":"2025-11-14T11:47:42.749Z"}
{"level":"info","message":"Registration endpoint hit...","server":"identity-service","timestamp":"2025-11-14T11:47:42.752Z"}
{"level":"warn","message":"user already exists","server":"identity-service","timestamp":"2025-11-14T11:47:42.773Z"}
{"level":"info","message":"Received POST request to /api/auth/register","server":"identity-service","timestamp":"2025-11-14T11:47:53.989Z"}
{"level":"info","message":"Request body: {\"email\":\"dafriyie7@gmail.com\",\"password\":\"password\",\"username\":\"dafriyie7\"}","server":"identity-service","timestamp":"2025-11-14T11:47:53.989Z"}
{"level":"info","message":"Registration endpoint hit...","server":"identity-service","timestamp":"2025-11-14T11:47:53.991Z"}
{"level":"warn","message":"user already exists","server":"identity-service","timestamp":"2025-11-14T11:47:53.997Z"}
{"level":"info","message":"Received POST request to /api/auth/login","server":"identity-service","timestamp":"2025-11-14T11:48:02.500Z"}
{"level":"info","message":"Request body: {\"email\":\"dafriyie7@gmail.com\",\"password\":\"password\",\"username\":\"dafriyie7\"}","server":"identity-service","timestamp":"2025-11-14T11:48:02.501Z"}
{"level":"info","message":"login endpoint hit...","server":"identity-service","timestamp":"2025-11-14T11:48:02.502Z"}
{"0":"\"","1":"u","10":" ","11":"i","12":"s","13":" ","14":"n","15":"o","16":"t","17":" ","18":"a","19":"l","2":"s","20":"l","21":"o","22":"w","23":"e","24":"d","3":"e","4":"r","5":"n","6":"a","7":"m","8":"e","9":"\"","level":"warn","message":"login validation error","server":"identity-service","timestamp":"2025-11-14T11:48:02.506Z"}
{"level":"info","message":"Received POST request to /api/auth/login","server":"identity-service","timestamp":"2025-11-14T11:48:47.679Z"}
{"level":"info","message":"Request body: {\"email\":\"dafriyie7@gmail.com\",\"password\":\"password\",\"username\":\"dafriyie7\"}","server":"identity-service","timestamp":"2025-11-14T11:48:47.679Z"}
{"level":"info","message":"login endpoint hit...","server":"identity-service","timestamp":"2025-11-14T11:48:47.680Z"}
{"0":"\"","1":"u","10":" ","11":"i","12":"s","13":" ","14":"n","15":"o","16":"t","17":" ","18":"a","19":"l","2":"s","20":"l","21":"o","22":"w","23":"e","24":"d","3":"e","4":"r","5":"n","6":"a","7":"m","8":"e","9":"\"","level":"warn","message":"login validation error","server":"identity-service","timestamp":"2025-11-14T11:48:47.681Z"}
{"level":"info","message":"Received POST request to /api/auth/login","server":"identity-service","timestamp":"2025-11-14T11:49:48.975Z"}
{"level":"info","message":"Request body: {\"email\":\"dafriyie7@gmail.com\",\"password\":\"password\"}","server":"identity-service","timestamp":"2025-11-14T11:49:48.976Z"}
{"level":"info","message":"login endpoint hit...","server":"identity-service","timestamp":"2025-11-14T11:49:48.976Z"}
{"level":"info","message":"Identity service running on port 3001","server":"identity-service","timestamp":"2025-11-14T11:54:13.092Z"}
{"level":"info","message":"Connected to MongoDB","server":"identity-service","timestamp":"2025-11-14T11:54:13.117Z"}
{"level":"info","message":"Identity service running on port 3001","server":"identity-service","timestamp":"2025-11-14T11:54:49.579Z"}
{"level":"info","message":"Connected to MongoDB","server":"identity-service","timestamp":"2025-11-14T11:54:49.613Z"}
{"level":"info","message":"Identity service running on port 3001","server":"identity-service","timestamp":"2025-11-14T11:54:53.846Z"}
{"level":"info","message":"Connected to MongoDB","server":"identity-service","timestamp":"2025-11-14T11:54:53.871Z"}
{"level":"info","message":"Identity service running on port 3001","server":"identity-service","timestamp":"2025-11-14T11:54:56.188Z"}
{"level":"info","message":"Connected to MongoDB","server":"identity-service","timestamp":"2025-11-14T11:54:56.210Z"}
{"level":"info","message":"Identity service running on port 3001","server":"identity-service","timestamp":"2025-11-14T11:55:05.886Z"}
{"level":"info","message":"Connected to MongoDB","server":"identity-service","timestamp":"2025-11-14T11:55:05.913Z"}
{"level":"info","message":"Identity service running on port 3001","server":"identity-service","timestamp":"2025-11-14T11:55:09.208Z"}
{"level":"info","message":"Connected to MongoDB","server":"identity-service","timestamp":"2025-11-14T11:55:09.230Z"}
{"level":"info","message":"Identity service running on port 3001","server":"identity-service","timestamp":"2025-11-14T11:55:52.409Z"}
{"level":"info","message":"Connected to MongoDB","server":"identity-service","timestamp":"2025-11-14T11:55:52.433Z"}
{"level":"info","message":"Identity service running on port 3001","server":"identity-service","timestamp":"2025-11-14T11:55:58.172Z"}
{"level":"info","message":"Connected to MongoDB","server":"identity-service","timestamp":"2025-11-14T11:55:58.202Z"}
{"level":"info","message":"Identity service running on port 3001","server":"identity-service","timestamp":"2025-11-14T11:56:17.432Z"}
{"level":"info","message":"Connected to MongoDB","server":"identity-service","timestamp":"2025-11-14T11:56:17.454Z"}
{"level":"info","message":"Identity service running on port 3001","server":"identity-service","timestamp":"2025-11-14T11:56:18.575Z"}
{"level":"info","message":"Connected to MongoDB","server":"identity-service","timestamp":"2025-11-14T11:56:18.597Z"}
{"level":"info","message":"Identity service running on port 3001","server":"identity-service","timestamp":"2025-11-14T11:56:29.404Z"}
{"level":"info","message":"Connected to MongoDB","server":"identity-service","timestamp":"2025-11-14T11:56:29.429Z"}
{"level":"info","message":"Identity service running on port 3001","server":"identity-service","timestamp":"2025-11-14T11:56:44.018Z"}
{"level":"info","message":"Connected to MongoDB","server":"identity-service","timestamp":"2025-11-14T11:56:44.040Z"}
{"level":"info","message":"Identity service running on port 3001","server":"identity-service","timestamp":"2025-11-14T11:56:46.675Z"}
{"level":"info","message":"Connected to MongoDB","server":"identity-service","timestamp":"2025-11-14T11:56:46.698Z"}
{"level":"info","message":"Identity service running on port 3001","server":"identity-service","timestamp":"2025-11-14T11:57:01.780Z"}
{"level":"info","message":"Connected to MongoDB","server":"identity-service","timestamp":"2025-11-14T11:57:01.804Z"}
{"level":"info","message":"Identity service running on port 3001","server":"identity-service","timestamp":"2025-11-14T11:57:07.972Z"}
{"level":"info","message":"Connected to MongoDB","server":"identity-service","timestamp":"2025-11-14T11:57:07.998Z"}
{"level":"info","message":"Identity service running on port 3001","server":"identity-service","timestamp":"2025-11-14T11:57:09.241Z"}
{"level":"info","message":"Connected to MongoDB","server":"identity-service","timestamp":"2025-11-14T11:57:09.267Z"}
{"level":"info","message":"Identity service running on port 3001","server":"identity-service","timestamp":"2025-11-14T11:57:12.992Z"}
{"level":"info","message":"Connected to MongoDB","server":"identity-service","timestamp":"2025-11-14T11:57:13.018Z"}
{"level":"info","message":"Identity service running on port 3001","server":"identity-service","timestamp":"2025-11-14T11:57:35.637Z"}
{"level":"info","message":"Connected to MongoDB","server":"identity-service","timestamp":"2025-11-14T11:57:35.660Z"}
{"level":"info","message":"Identity service running on port 3001","server":"identity-service","timestamp":"2025-11-14T11:57:36.955Z"}
{"level":"info","message":"Connected to MongoDB","server":"identity-service","timestamp":"2025-11-14T11:57:36.978Z"}
{"level":"info","message":"Identity service running on port 3001","server":"identity-service","timestamp":"2025-11-14T12:03:48.236Z"}
{"level":"info","message":"Connected to MongoDB","server":"identity-service","timestamp":"2025-11-14T12:03:48.258Z"}
{"level":"info","message":"Identity service running on port 3001","server":"identity-service","timestamp":"2025-11-14T12:04:07.860Z"}
{"level":"info","message":"Connected to MongoDB","server":"identity-service","timestamp":"2025-11-14T12:04:07.883Z"}
{"level":"info","message":"Identity service running on port 3001","server":"identity-service","timestamp":"2025-11-14T12:04:23.034Z"}
{"level":"info","message":"Connected to MongoDB","server":"identity-service","timestamp":"2025-11-14T12:04:23.058Z"}
{"level":"info","message":"Identity service running on port 3001","server":"identity-service","timestamp":"2025-11-14T12:04:32.505Z"}
{"level":"info","message":"Connected to MongoDB","server":"identity-service","timestamp":"2025-11-14T12:04:32.534Z"}
{"level":"info","message":"Identity service running on port 3001","server":"identity-service","timestamp":"2025-11-14T12:04:34.228Z"}
{"level":"info","message":"Connected to MongoDB","server":"identity-service","timestamp":"2025-11-14T12:04:34.251Z"}
{"level":"info","message":"Identity service running on port 3001","server":"identity-service","timestamp":"2025-11-14T12:05:09.349Z"}
{"level":"info","message":"Connected to MongoDB","server":"identity-service","timestamp":"2025-11-14T12:05:09.373Z"}
{"level":"info","message":"Identity service running on port 3001","server":"identity-service","timestamp":"2025-11-14T12:05:33.639Z"}
{"level":"info","message":"Connected to MongoDB","server":"identity-service","timestamp":"2025-11-14T12:05:33.662Z"}
{"level":"info","message":"Identity service running on port 3001","server":"identity-service","timestamp":"2025-11-14T12:05:36.282Z"}
{"level":"info","message":"Connected to MongoDB","server":"identity-service","timestamp":"2025-11-14T12:05:36.307Z"}
{"level":"info","message":"Identity service running on port 3001","server":"identity-service","timestamp":"2025-11-14T12:05:46.728Z"}
{"level":"info","message":"Connected to MongoDB","server":"identity-service","timestamp":"2025-11-14T12:05:46.754Z"}
{"level":"info","message":"Identity service running on port 3001","server":"identity-service","timestamp":"2025-11-14T12:06:14.737Z"}
{"level":"info","message":"Connected to MongoDB","server":"identity-service","timestamp":"2025-11-14T12:06:14.763Z"}
{"level":"info","message":"Identity service running on port 3001","server":"identity-service","timestamp":"2025-11-14T12:06:16.606Z"}
{"level":"info","message":"Connected to MongoDB","server":"identity-service","timestamp":"2025-11-14T12:06:16.630Z"}
{"level":"info","message":"Identity service running on port 3001","server":"identity-service","timestamp":"2025-11-14T12:07:22.301Z"}
{"level":"info","message":"Connected to MongoDB","server":"identity-service","timestamp":"2025-11-14T12:07:22.324Z"}
{"level":"info","message":"Identity service running on port 3001","server":"identity-service","timestamp":"2025-11-14T12:07:36.899Z"}
{"level":"info","message":"Connected to MongoDB","server":"identity-service","timestamp":"2025-11-14T12:07:36.923Z"}
{"level":"info","message":"Identity service running on port 3001","server":"identity-service","timestamp":"2025-11-14T12:07:40.908Z"}
{"level":"info","message":"Connected to MongoDB","server":"identity-service","timestamp":"2025-11-14T12:07:40.935Z"}
{"level":"info","message":"Identity service running on port 3001","server":"identity-service","timestamp":"2025-11-14T12:46:11.312Z"}
{"level":"info","message":"Connected to MongoDB","server":"identity-service","timestamp":"2025-11-14T12:46:11.335Z"}
{"level":"info","message":"Identity service running on port 3001","server":"identity-service","timestamp":"2025-11-14T12:46:14.380Z"}
{"level":"info","message":"Connected to MongoDB","server":"identity-service","timestamp":"2025-11-14T12:46:14.403Z"}
{"level":"info","message":"Identity service running on port 3001","server":"identity-service","timestamp":"2025-11-14T12:46:17.747Z"}
{"level":"info","message":"Connected to MongoDB","server":"identity-service","timestamp":"2025-11-14T12:46:17.769Z"}
{"level":"info","message":"Identity service running on port 3001","server":"identity-service","timestamp":"2025-11-14T12:46:24.703Z"}
{"level":"info","message":"Connected to MongoDB","server":"identity-service","timestamp":"2025-11-14T12:46:24.728Z"}
{"level":"info","message":"Identity service running on port 3001","server":"identity-service","timestamp":"2025-11-14T12:46:28.499Z"}
{"level":"info","message":"Connected to MongoDB","server":"identity-service","timestamp":"2025-11-14T12:46:28.524Z"}
{"level":"info","message":"Identity service running on port 3001","server":"identity-service","timestamp":"2025-11-14T12:46:29.918Z"}
{"level":"info","message":"Connected to MongoDB","server":"identity-service","timestamp":"2025-11-14T12:46:29.941Z"}
{"level":"info","message":"Identity service running on port 3001","server":"identity-service","timestamp":"2025-11-14T12:46:32.083Z"}
{"level":"info","message":"Connected to MongoDB","server":"identity-service","timestamp":"2025-11-14T12:46:32.108Z"}
{"level":"info","message":"Identity service running on port 3001","server":"identity-service","timestamp":"2025-11-14T12:48:48.580Z"}
{"level":"info","message":"Connected to MongoDB","server":"identity-service","timestamp":"2025-11-14T12:48:48.604Z"}
{"level":"info","message":"Identity service running on port 3001","server":"identity-service","timestamp":"2025-11-14T12:48:50.660Z"}
{"level":"info","message":"Connected to MongoDB","server":"identity-service","timestamp":"2025-11-14T12:48:50.684Z"}
{"level":"info","message":"Identity service running on port 3001","server":"identity-service","timestamp":"2025-11-14T12:49:05.370Z"}
{"level":"info","message":"Connected to MongoDB","server":"identity-service","timestamp":"2025-11-14T12:49:05.393Z"}
{"level":"info","message":"Identity service running on port 3001","server":"identity-service","timestamp":"2025-11-14T12:49:14.036Z"}
{"level":"info","message":"Connected to MongoDB","server":"identity-service","timestamp":"2025-11-14T12:49:14.061Z"}
{"level":"info","message":"Identity service running on port 3001","server":"identity-service","timestamp":"2025-11-14T12:49:23.470Z"}
{"level":"info","message":"Connected to MongoDB","server":"identity-service","timestamp":"2025-11-14T12:49:23.494Z"}
{"level":"info","message":"Identity service running on port 3001","server":"identity-service","timestamp":"2025-11-14T12:49:55.614Z"}
{"level":"info","message":"Connected to MongoDB","server":"identity-service","timestamp":"2025-11-14T12:49:55.636Z"}
{"level":"info","message":"Identity service running on port 3001","server":"identity-service","timestamp":"2025-11-14T12:50:04.776Z"}
{"level":"info","message":"Connected to MongoDB","server":"identity-service","timestamp":"2025-11-14T12:50:04.798Z"}
{"level":"info","message":"Identity service running on port 3001","server":"identity-service","timestamp":"2025-11-14T13:48:25.285Z"}
{"level":"info","message":"Connected to MongoDB","server":"identity-service","timestamp":"2025-11-14T13:48:25.307Z"}
{"level":"info","message":"Identity service running on port 3001","server":"identity-service","timestamp":"2025-11-14T13:48:35.419Z"}
{"level":"info","message":"Connected to MongoDB","server":"identity-service","timestamp":"2025-11-14T13:48:35.443Z"}
{"level":"info","message":"Identity service running on port 3001","server":"identity-service","timestamp":"2025-11-14T13:48:48.637Z"}
{"level":"info","message":"Connected to MongoDB","server":"identity-service","timestamp":"2025-11-14T13:48:48.663Z"}
{"level":"info","message":"Identity service running on port 3001","server":"identity-service","timestamp":"2025-11-14T13:48:52.088Z"}
{"level":"info","message":"Connected to MongoDB","server":"identity-service","timestamp":"2025-11-14T13:48:52.111Z"}
{"level":"info","message":"Identity service running on port 3001","server":"identity-service","timestamp":"2025-11-14T13:49:02.931Z"}
{"level":"info","message":"Connected to MongoDB","server":"identity-service","timestamp":"2025-11-14T13:49:02.953Z"}
{"level":"info","message":"Identity service running on port 3001","server":"identity-service","timestamp":"2025-11-14T13:49:09.188Z"}
{"level":"info","message":"Connected to MongoDB","server":"identity-service","timestamp":"2025-11-14T13:49:09.214Z"}
{"level":"info","message":"Identity service running on port 3001","server":"identity-service","timestamp":"2025-11-14T13:49:16.904Z"}
{"level":"info","message":"Connected to MongoDB","server":"identity-service","timestamp":"2025-11-14T13:49:16.926Z"}
{"level":"info","message":"Identity service running on port 3001","server":"identity-service","timestamp":"2025-11-14T13:49:19.532Z"}
{"level":"info","message":"Connected to MongoDB","server":"identity-service","timestamp":"2025-11-14T13:49:19.555Z"}
{"level":"info","message":"Identity service running on port 3001","server":"identity-service","timestamp":"2025-11-14T13:49:39.907Z"}
{"level":"info","message":"Connected to MongoDB","server":"identity-service","timestamp":"2025-11-14T13:49:39.930Z"}
{"level":"info","message":"Identity service running on port 3001","server":"identity-service","timestamp":"2025-11-14T13:49:42.654Z"}
{"level":"info","message":"Connected to MongoDB","server":"identity-service","timestamp":"2025-11-14T13:49:42.678Z"}
{"level":"info","message":"Identity service running on port 3001","server":"identity-service","timestamp":"2025-11-14T13:49:53.521Z"}
{"level":"info","message":"Connected to MongoDB","server":"identity-service","timestamp":"2025-11-14T13:49:53.544Z"}
{"level":"info","message":"Identity service running on port 3001","server":"identity-service","timestamp":"2025-11-14T13:49:54.987Z"}
{"level":"info","message":"Connected to MongoDB","server":"identity-service","timestamp":"2025-11-14T13:49:55.010Z"}
{"level":"info","message":"Identity service running on port 3001","server":"identity-service","timestamp":"2025-11-14T13:50:17.718Z"}
{"level":"info","message":"Connected to MongoDB","server":"identity-service","timestamp":"2025-11-14T13:50:17.741Z"}
{"level":"info","message":"Identity service running on port 3001","server":"identity-service","timestamp":"2025-11-14T13:50:25.487Z"}
{"level":"info","message":"Connected to MongoDB","server":"identity-service","timestamp":"2025-11-14T13:50:25.510Z"}
{"level":"info","message":"Identity service running on port 3001","server":"identity-service","timestamp":"2025-11-14T13:50:46.333Z"}
{"level":"info","message":"Connected to MongoDB","server":"identity-service","timestamp":"2025-11-14T13:50:46.358Z"}
{"level":"info","message":"Identity service running on port 3001","server":"identity-service","timestamp":"2025-11-14T13:51:04.108Z"}
{"level":"info","message":"Connected to MongoDB","server":"identity-service","timestamp":"2025-11-14T13:51:04.131Z"}
{"level":"info","message":"Identity service running on port 3001","server":"identity-service","timestamp":"2025-11-14T13:51:10.246Z"}
{"level":"info","message":"Connected to MongoDB","server":"identity-service","timestamp":"2025-11-14T13:51:10.270Z"}
{"level":"info","message":"Identity service running on port 3001","server":"identity-service","timestamp":"2025-11-14T13:51:14.675Z"}
{"level":"info","message":"Connected to MongoDB","server":"identity-service","timestamp":"2025-11-14T13:51:14.698Z"}
{"level":"info","message":"Identity service running on port 3001","server":"identity-service","timestamp":"2025-11-14T13:51:19.919Z"}
{"level":"info","message":"Connected to MongoDB","server":"identity-service","timestamp":"2025-11-14T13:51:19.941Z"}
{"level":"info","message":"Identity service running on port 3001","server":"identity-service","timestamp":"2025-11-14T13:51:22.082Z"}
{"level":"info","message":"Connected to MongoDB","server":"identity-service","timestamp":"2025-11-14T13:51:22.105Z"}
{"level":"info","message":"Identity service running on port 3001","server":"identity-service","timestamp":"2025-11-14T13:51:23.681Z"}
{"level":"info","message":"Connected to MongoDB","server":"identity-service","timestamp":"2025-11-14T13:51:23.704Z"}
{"level":"info","message":"Identity service running on port 3001","server":"identity-service","timestamp":"2025-11-14T13:51:25.794Z"}
{"level":"info","message":"Connected to MongoDB","server":"identity-service","timestamp":"2025-11-14T13:51:25.818Z"}
{"level":"info","message":"Identity service running on port 3001","server":"identity-service","timestamp":"2025-11-14T14:32:23.231Z"}
{"level":"info","message":"Connected to MongoDB","server":"identity-service","timestamp":"2025-11-14T14:32:23.261Z"}
{"level":"info","message":"Identity service running on port 3001","server":"identity-service","timestamp":"2025-11-14T14:32:26.805Z"}
{"level":"info","message":"Connected to MongoDB","server":"identity-service","timestamp":"2025-11-14T14:32:26.830Z"}
{"level":"info","message":"Identity service running on port 3001","server":"identity-service","timestamp":"2025-11-14T14:33:28.641Z"}
{"level":"info","message":"Connected to MongoDB","server":"identity-service","timestamp":"2025-11-14T14:33:28.665Z"}
{"level":"info","message":"Identity service running on port 3001","server":"identity-service","timestamp":"2025-11-14T14:33:35.081Z"}
{"level":"info","message":"Connected to MongoDB","server":"identity-service","timestamp":"2025-11-14T14:33:35.104Z"}
{"level":"info","message":"Identity service running on port 3001","server":"identity-service","timestamp":"2025-11-14T14:33:38.565Z"}
{"level":"info","message":"Connected to MongoDB","server":"identity-service","timestamp":"2025-11-14T14:33:38.591Z"}
{"level":"info","message":"Identity service running on port 3001","server":"identity-service","timestamp":"2025-11-14T14:34:08.669Z"}
{"level":"info","message":"Connected to MongoDB","server":"identity-service","timestamp":"2025-11-14T14:34:08.694Z"}
{"level":"info","message":"Identity service running on port 3001","server":"identity-service","timestamp":"2025-11-14T14:34:09.687Z"}
{"level":"info","message":"Connected to MongoDB","server":"identity-service","timestamp":"2025-11-14T14:34:09.710Z"}
{"level":"info","message":"Identity service running on port 3001","server":"identity-service","timestamp":"2025-11-14T14:34:23.316Z"}
{"level":"info","message":"Connected to MongoDB","server":"identity-service","timestamp":"2025-11-14T14:34:23.340Z"}
{"level":"info","message":"Identity service running on port 3001","server":"identity-service","timestamp":"2025-11-14T14:35:24.839Z"}
{"level":"info","message":"Connected to MongoDB","server":"identity-service","timestamp":"2025-11-14T14:35:24.864Z"}
{"level":"info","message":"Identity service running on port 3001","server":"identity-service","timestamp":"2025-11-14T14:35:34.998Z"}
{"level":"info","message":"Connected to MongoDB","server":"identity-service","timestamp":"2025-11-14T14:35:35.024Z"}
{"level":"info","message":"Identity service running on port 3001","server":"identity-service","timestamp":"2025-11-14T14:49:58.346Z"}
{"level":"info","message":"Connected to MongoDB","server":"identity-service","timestamp":"2025-11-14T14:49:58.369Z"}
{"level":"info","message":"Identity service running on port 3001","server":"identity-service","timestamp":"2025-11-14T19:35:55.027Z"}
{"level":"info","message":"Connected to MongoDB","server":"identity-service","timestamp":"2025-11-14T19:35:55.072Z"}
{"level":"info","message":"Identity service running on port 3001","server":"identity-service","timestamp":"2025-11-15T21:10:09.874Z"}
{"level":"info","message":"Connected to MongoDB","server":"identity-service","timestamp":"2025-11-15T21:10:09.918Z"}
{"level":"info","message":"Identity service running on port 3001","server":"identity-service","timestamp":"2025-11-16T12:16:07.830Z"}
{"level":"info","message":"Connected to MongoDB","server":"identity-service","timestamp":"2025-11-16T12:16:07.872Z"}
{"level":"info","message":"Identity service running on port 3001","server":"identity-service","timestamp":"2025-11-16T18:23:48.230Z"}
{"level":"info","message":"Connected to MongoDB","server":"identity-service","timestamp":"2025-11-16T18:23:48.265Z"}
{"level":"info","message":"Identity service running on port 3001","server":"identity-service","timestamp":"2025-11-17T08:06:45.528Z"}
{"level":"info","message":"Connected to MongoDB","server":"identity-service","timestamp":"2025-11-17T08:06:45.558Z"}
{"level":"info","message":"Received GET request to /api/auth/login","server":"identity-service","timestamp":"2025-11-17T11:06:41.203Z"}
{"level":"info","message":"Request body: {\"email\":\"dafriyie7@gmail.com\",\"password\":\"password\"}","server":"identity-service","timestamp":"2025-11-17T11:06:41.212Z"}
{"level":"info","message":"Received GET request to /api/auth/register","server":"identity-service","timestamp":"2025-11-17T11:07:08.961Z"}
{"level":"info","message":"Request body: {\"email\":\"dafriyie7@gmail.com\",\"password\":\"password\"}","server":"identity-service","timestamp":"2025-11-17T11:07:08.962Z"}
{"level":"info","message":"Received GET request to /api/auth/login","server":"identity-service","timestamp":"2025-11-17T11:22:01.504Z"}
{"level":"info","message":"Request body: {\"email\":\"dafriyie7@gmail.com\",\"password\":\"password\"}","server":"identity-service","timestamp":"2025-11-17T11:22:01.505Z"}
{"level":"info","message":"Received POST request to /api/auth/login","server":"identity-service","timestamp":"2025-11-17T11:25:24.212Z"}
{"level":"info","message":"Request body: {\"email\":\"dafriyie7@gmail.com\",\"password\":\"password\"}","server":"identity-service","timestamp":"2025-11-17T11:25:24.214Z"}
{"level":"info","message":"login endpoint hit...","server":"identity-service","timestamp":"2025-11-17T11:25:24.217Z"}
{"level":"info","message":"Received POST request to /api/auth/login","server":"identity-service","timestamp":"2025-11-17T11:30:42.805Z"}
{"level":"info","message":"Request body: {\"email\":\"dafriyie7@gmail.com\",\"password\":\"password\"}","server":"identity-service","timestamp":"2025-11-17T11:30:42.806Z"}
{"level":"info","message":"login endpoint hit...","server":"identity-service","timestamp":"2025-11-17T11:30:42.808Z"}
{"level":"info","message":"Received POST request to /api/auth/login","server":"identity-service","timestamp":"2025-11-17T13:09:09.422Z"}
{"level":"info","message":"Request body: {\"email\":\"dafriyie7@gmail.com\",\"password\":\"password\"}","server":"identity-service","timestamp":"2025-11-17T13:09:09.422Z"}
{"level":"info","message":"login endpoint hit...","server":"identity-service","timestamp":"2025-11-17T13:09:09.424Z"}
{"level":"info","message":"Received POST request to /api/auth/login","server":"identity-service","timestamp":"2025-11-17T14:03:32.055Z"}
{"level":"info","message":"Request body: {\"email\":\"dafriyie7@gmail.com\",\"password\":\"password\"}","server":"identity-service","timestamp":"2025-11-17T14:03:32.055Z"}
{"level":"info","message":"login endpoint hit...","server":"identity-service","timestamp":"2025-11-17T14:03:32.057Z"}
{"level":"info","message":"Identity service running on port 3001","server":"identity-service","timestamp":"2025-11-19T02:02:44.411Z"}
{"level":"info","message":"Connected to MongoDB","server":"identity-service","timestamp":"2025-11-19T02:02:44.443Z"}
{"level":"info","message":"Received GET request to /api/auth/login","server":"identity-service","timestamp":"2025-11-19T02:03:06.155Z"}
{"level":"info","message":"Request body: {}","server":"identity-service","timestamp":"2025-11-19T02:03:06.155Z"}
{"level":"info","message":"Received GET request to /api/auth/login","server":"identity-service","timestamp":"2025-11-19T02:03:41.549Z"}
{"level":"info","message":"Request body: {}","server":"identity-service","timestamp":"2025-11-19T02:03:41.550Z"}
{"level":"info","message":"Received GET request to /api/auth/login","server":"identity-service","timestamp":"2025-11-19T02:05:41.189Z"}
{"level":"info","message":"Request body: {}","server":"identity-service","timestamp":"2025-11-19T02:05:41.190Z"}
{"level":"info","message":"Received GET request to /api/auth/register","server":"identity-service","timestamp":"2025-11-19T02:06:31.538Z"}
{"level":"info","message":"Request body: {}","server":"identity-service","timestamp":"2025-11-19T02:06:31.539Z"}
{"level":"info","message":"Received POST request to /api/auth/login","server":"identity-service","timestamp":"2025-11-19T02:07:42.372Z"}
{"level":"info","message":"Request body: {}","server":"identity-service","timestamp":"2025-11-19T02:07:42.373Z"}
{"level":"info","message":"login endpoint hit...","server":"identity-service","timestamp":"2025-11-19T02:07:42.375Z"}
{"0":"\"","1":"e","10":" ","11":"r","12":"e","13":"q","14":"u","15":"i","16":"r","17":"e","18":"d","2":"m","3":"a","4":"i","5":"l","6":"\"","7":" ","8":"i","9":"s","level":"warn","message":"login validation error","server":"identity-service","timestamp":"2025-11-19T02:07:42.382Z"}
{"level":"info","message":"Identity service running on port 3001","server":"identity-service","timestamp":"2025-11-28T17:01:00.280Z"}
{"level":"info","message":"Connected to MongoDB","server":"identity-service","timestamp":"2025-11-28T17:01:00.299Z"}
{"level":"info","message":"Identity service running on port 3001","server":"identity-service","timestamp":"2025-12-01T11:06:21.531Z"}
{"level":"info","message":"Connected to MongoDB","server":"identity-service","timestamp":"2025-12-01T11:06:21.568Z"}
{"level":"info","message":"Identity service running on port 3001","server":"identity-service","timestamp":"2025-12-01T11:38:28.497Z"}
{"level":"info","message":"Connected to MongoDB","server":"identity-service","timestamp":"2025-12-01T11:38:28.543Z"}
{"level":"info","message":"Identity service running on port 3001","server":"identity-service","timestamp":"2025-12-01T17:40:52.340Z"}
{"level":"info","message":"Connected to MongoDB","server":"identity-service","timestamp":"2025-12-01T17:40:52.393Z"}
{"level":"info","message":"Received POST request to /api/auth/login","server":"identity-service","timestamp":"2025-12-01T18:16:08.833Z"}
{"level":"info","message":"Request body: {\"email\":\"dafriyie7@gmail.com\",\"password\":\"password123\"}","server":"identity-service","timestamp":"2025-12-01T18:16:08.834Z"}
{"level":"info","message":"login endpoint hit...","server":"identity-service","timestamp":"2025-12-01T18:16:08.841Z"}
{"level":"warn","message":"invalid password","server":"identity-service","timestamp":"2025-12-01T18:16:09.085Z"}
{"level":"info","message":"Received POST request to /api/auth/login","server":"identity-service","timestamp":"2025-12-01T18:16:16.911Z"}
{"level":"info","message":"Request body: {\"email\":\"dafriyie7@gmail.com\",\"password\":\"password\"}","server":"identity-service","timestamp":"2025-12-01T18:16:16.912Z"}
{"level":"info","message":"login endpoint hit...","server":"identity-service","timestamp":"2025-12-01T18:16:16.914Z"}
{"level":"info","message":"Received POST request to /api/auth/login","server":"identity-service","timestamp":"2025-12-01T18:20:52.678Z"}
{"level":"info","message":"Request body: {\"email\":\"dafriyie7@gmail.com\",\"password\":\"password\"}","server":"identity-service","timestamp":"2025-12-01T18:20:52.678Z"}
{"level":"info","message":"login endpoint hit...","server":"identity-service","timestamp":"2025-12-01T18:20:52.680Z"}
{"level":"info","message":"Received POST request to /api/auth/login","server":"identity-service","timestamp":"2025-12-01T18:24:00.172Z"}
{"level":"info","message":"Request body: {\"email\":\"dafriyie7@gmail.com\",\"password\":\"password\"}","server":"identity-service","timestamp":"2025-12-01T18:24:00.173Z"}
{"level":"info","message":"login endpoint hit...","server":"identity-service","timestamp":"2025-12-01T18:24:00.174Z"}
{"level":"info","message":"Identity service running on port 3001","server":"identity-service","timestamp":"2025-12-01T18:25:55.235Z"}
{"level":"info","message":"Connected to MongoDB","server":"identity-service","timestamp":"2025-12-01T18:25:55.289Z"}
{"level":"info","message":"Received POST request to /api/auth/login","server":"identity-service","timestamp":"2025-12-01T20:40:19.062Z"}
{"level":"info","message":"Request body: {\"email\":\"dafriyie7@gmail.com\",\"password\":\"passwordget al\"}","server":"identity-service","timestamp":"2025-12-01T20:40:19.063Z"}
{"level":"info","message":"login endpoint hit...","server":"identity-service","timestamp":"2025-12-01T20:40:19.070Z"}
{"level":"warn","message":"invalid password","server":"identity-service","timestamp":"2025-12-01T20:40:19.254Z"}
{"level":"info","message":"Received POST request to /api/auth/login","server":"identity-service","timestamp":"2025-12-01T20:40:31.721Z"}
{"level":"info","message":"Request body: {\"email\":\"dafriyie7@gmail.com\",\"password\":\"password\"}","server":"identity-service","timestamp":"2025-12-01T20:40:31.722Z"}
{"level":"info","message":"login endpoint hit...","server":"identity-service","timestamp":"2025-12-01T20:40:31.725Z"}
{"level":"info","message":"Identity service running on port 3001","server":"identity-service","timestamp":"2025-12-02T04:49:41.673Z"}
{"level":"info","message":"Connected to MongoDB","server":"identity-service","timestamp":"2025-12-02T04:49:41.728Z"}
{"level":"info","message":"Received POST request to /api/auth/login","server":"identity-service","timestamp":"2025-12-02T05:34:08.592Z"}
{"level":"info","message":"Request body: {\"email\":\"dafriyie7@gmail.com\",\"password\":\"password\"}","server":"identity-service","timestamp":"2025-12-02T05:34:08.594Z"}
{"level":"info","message":"login endpoint hit...","server":"identity-service","timestamp":"2025-12-02T05:34:08.600Z"}
{"level":"info","message":"Identity service running on port 3001","server":"identity-service","timestamp":"2025-12-02T19:49:25.642Z"}
{"level":"info","message":"Connected to MongoDB","server":"identity-service","timestamp":"2025-12-02T19:49:25.685Z"}
{"level":"info","message":"Received POST request to /api/auth/login","server":"identity-service","timestamp":"2025-12-02T19:50:09.614Z"}
{"level":"info","message":"Request body: {\"email\":\"dafriyie7@gmail.com\",\"password\":\"password\"}","server":"identity-service","timestamp":"2025-12-02T19:50:09.615Z"}
{"level":"info","message":"login endpoint hit...","server":"identity-service","timestamp":"2025-12-02T19:50:09.621Z"}
{"level":"info","message":"Received POST request to /api/auth/login","server":"identity-service","timestamp":"2025-12-02T21:23:46.755Z"}
{"level":"info","message":"Request body: {\"email\":\"dafriyie7@gmail.com\",\"password\":\"password\"}","server":"identity-service","timestamp":"2025-12-02T21:23:46.756Z"}
{"level":"info","message":"login endpoint hit...","server":"identity-service","timestamp":"2025-12-02T21:23:46.757Z"}
{"level":"info","message":"Received POST request to /api/auth/login","server":"identity-service","timestamp":"2025-12-03T07:17:35.951Z"}
{"level":"info","message":"Request body: {\"email\":\"dafriyie7@gmail.com\",\"password\":\"password\"}","server":"identity-service","timestamp":"2025-12-03T07:17:35.953Z"}
{"level":"info","message":"login endpoint hit...","server":"identity-service","timestamp":"2025-12-03T07:17:35.955Z"}
{"level":"info","message":"Identity service running on port 3001","server":"identity-service","timestamp":"2025-12-03T07:31:52.263Z"}
{"level":"info","message":"Connected to MongoDB","server":"identity-service","timestamp":"2025-12-03T07:31:52.313Z"}
{"level":"info","message":"Received POST request to /api/auth/login","server":"identity-service","timestamp":"2025-12-03T07:44:34.399Z"}
{"level":"info","message":"Request body: {\"email\":\"dafriyie7@gmail.com\",\"password\":\"password\"}","server":"identity-service","timestamp":"2025-12-03T07:44:34.399Z"}
{"level":"info","message":"login endpoint hit...","server":"identity-service","timestamp":"2025-12-03T07:44:34.404Z"}
{"level":"info","message":"Received POST request to /api/auth/login","server":"identity-service","timestamp":"2025-12-03T12:22:17.967Z"}
{"level":"info","message":"Request body: {\"email\":\"dafriyie7@gmail.com\",\"password\":\"password\"}","server":"identity-service","timestamp":"2025-12-03T12:22:17.978Z"}
{"level":"info","message":"login endpoint hit...","server":"identity-service","timestamp":"2025-12-03T12:22:17.989Z"}
{"level":"info","message":"Identity service running on port 3001","server":"identity-service","timestamp":"2025-12-03T15:50:22.444Z"}
{"level":"info","message":"Connected to MongoDB","server":"identity-service","timestamp":"2025-12-03T15:50:22.506Z"}
{"level":"info","message":"Received POST request to /api/auth/login","server":"identity-service","timestamp":"2025-12-03T18:05:02.256Z"}
{"level":"info","message":"Request body: {\"email\":\"dafriyie7@gmail.com\",\"password\":\"password\"}","server":"identity-service","timestamp":"2025-12-03T18:05:02.257Z"}
{"level":"info","message":"login endpoint hit...","server":"identity-service","timestamp":"2025-12-03T18:05:02.264Z"}
{"level":"info","message":"Identity service running on port 3001","server":"identity-service","timestamp":"2025-12-03T18:12:30.772Z"}
{"level":"info","message":"Connected to MongoDB","server":"identity-service","timestamp":"2025-12-03T18:12:30.836Z"}
{"level":"info","message":"Received POST request to /api/auth/login","server":"identity-service","timestamp":"2025-12-03T18:36:02.005Z"}
{"level":"info","message":"Request body: {\"email\":\"dafriyie7@gmail.com\",\"password\":\"password\"}","server":"identity-service","timestamp":"2025-12-03T18:36:02.006Z"}
{"level":"info","message":"login endpoint hit...","server":"identity-service","timestamp":"2025-12-03T18:36:02.011Z"}
{"level":"info","message":"Received POST request to /api/auth/login","server":"identity-service","timestamp":"2025-12-03T19:28:34.906Z"}
{"level":"info","message":"Request body: {\"email\":\"dafriyie7@gmail.com\",\"password\":\"password\"}","server":"identity-service","timestamp":"2025-12-03T19:28:34.907Z"}
{"level":"info","message":"login endpoint hit...","server":"identity-service","timestamp":"2025-12-03T19:28:34.909Z"}
{"level":"info","message":"Received POST request to /api/auth/login","server":"identity-service","timestamp":"2025-12-03T22:51:01.621Z"}
{"level":"info","message":"Request body: {\"email\":\"dafriyie7@gmail.com\",\"password\":\"password\"}","server":"identity-service","timestamp":"2025-12-03T22:51:01.622Z"}
{"level":"info","message":"login endpoint hit...","server":"identity-service","timestamp":"2025-12-03T22:51:01.624Z"}
