{"level":"info","message":"identity-service is running on port 3003","server":"media-service","timestamp":"2025-12-03T08:20:53.903Z"}
{"level":"info","message":"Connected to MongoDB","server":"media-service","timestamp":"2025-12-03T08:20:53.957Z"}
{"level":"info","message":"identity-service is running on port 3003","server":"media-service","timestamp":"2025-12-03T08:20:59.170Z"}
{"level":"info","message":"Connected to MongoDB","server":"media-service","timestamp":"2025-12-03T08:20:59.217Z"}
{"level":"info","message":"identity-service is running on port 3003","server":"media-service","timestamp":"2025-12-03T08:21:07.513Z"}
{"level":"info","message":"Connected to MongoDB","server":"media-service","timestamp":"2025-12-03T08:21:07.556Z"}
{"level":"info","message":"identity-service is running on port 3003","server":"media-service","timestamp":"2025-12-03T08:21:12.963Z"}
{"level":"info","message":"Connected to MongoDB","server":"media-service","timestamp":"2025-12-03T08:21:13.007Z"}
{"level":"info","message":"identity-service is running on port 3003","server":"media-service","timestamp":"2025-12-03T08:21:24.602Z"}
{"level":"info","message":"Connected to MongoDB","server":"media-service","timestamp":"2025-12-03T08:21:24.660Z"}
{"level":"info","message":"identity-service is running on port 3003","server":"media-service","timestamp":"2025-12-03T08:22:23.590Z"}
{"level":"info","message":"Connected to MongoDB","server":"media-service","timestamp":"2025-12-03T08:22:23.635Z"}
{"level":"info","message":"identity-service is running on port 3003","server":"media-service","timestamp":"2025-12-03T08:22:30.028Z"}
{"level":"info","message":"Connected to MongoDB","server":"media-service","timestamp":"2025-12-03T08:22:30.081Z"}
{"level":"info","message":"identity-service is running on port 3003","server":"media-service","timestamp":"2025-12-03T08:22:53.885Z"}
{"level":"info","message":"Connected to MongoDB","server":"media-service","timestamp":"2025-12-03T08:22:53.929Z"}
{"level":"info","message":"identity-service is running on port 3003","server":"media-service","timestamp":"2025-12-03T08:22:55.295Z"}
{"level":"info","message":"Connected to MongoDB","server":"media-service","timestamp":"2025-12-03T08:22:55.341Z"}
{"level":"info","message":"identity-service is running on port 3003","server":"media-service","timestamp":"2025-12-03T08:23:06.310Z"}
{"level":"info","message":"Connected to MongoDB","server":"media-service","timestamp":"2025-12-03T08:23:06.353Z"}
{"level":"info","message":"identity-service is running on port 3003","server":"media-service","timestamp":"2025-12-03T08:23:12.091Z"}
{"level":"info","message":"Connected to MongoDB","server":"media-service","timestamp":"2025-12-03T08:23:12.138Z"}
{"level":"info","message":"identity-service is running on port 3003","server":"media-service","timestamp":"2025-12-03T08:23:54.640Z"}
{"level":"info","message":"Connected to MongoDB","server":"media-service","timestamp":"2025-12-03T08:23:54.686Z"}
{"level":"info","message":"identity-service is running on port 3003","server":"media-service","timestamp":"2025-12-03T08:23:59.054Z"}
{"level":"info","message":"Connected to MongoDB","server":"media-service","timestamp":"2025-12-03T08:23:59.100Z"}
{"level":"info","message":"identity-service is running on port 3003","server":"media-service","timestamp":"2025-12-03T08:24:09.842Z"}
{"level":"info","message":"Connected to MongoDB","server":"media-service","timestamp":"2025-12-03T08:24:09.888Z"}
{"level":"info","message":"Received POST request to /api/media/upload","server":"media-service","timestamp":"2025-12-03T08:24:29.822Z"}
{"level":"info","message":"Request body: undefined","server":"media-service","timestamp":"2025-12-03T08:24:29.822Z"}
{"level":"info","message":"starting media upload","server":"media-service","timestamp":"2025-12-03T08:24:29.836Z"}
{"level":"info","message":"file details: name=_.jpeg, mimeType=image/jpeg, userId=6915ca33b2c51cec0cb47784","server":"media-service","timestamp":"2025-12-03T08:24:29.837Z"}
{"level":"info","message":"uploading media to cloudinary","server":"media-service","timestamp":"2025-12-03T08:24:29.837Z"}
{"level":"info","message":"media uploaded successfully. result={\"asset_id\":\"bb3aee10825a07820f9eadf89511e15f\",\"public_id\":\"zkpjaeewycle4srpbjje\",\"version\":1764750273,\"version_id\":\"ac621eafe42b1135c05acd1cea94fd98\",\"signature\":\"2ee7143007a11344cfc498639473ad543f25d74e\",\"width\":640,\"height\":640,\"format\":\"jpg\",\"resource_type\":\"image\",\"created_at\":\"2025-12-03T08:24:33Z\",\"tags\":[],\"bytes\":92480,\"type\":\"upload\",\"etag\":\"4a073078a810612540a7249466c0f6f4\",\"placeholder\":false,\"url\":\"http://res.cloudinary.com/diroxatha/image/upload/v1764750273/zkpjaeewycle4srpbjje.jpg\",\"secure_url\":\"https://res.cloudinary.com/diroxatha/image/upload/v1764750273/zkpjaeewycle4srpbjje.jpg\",\"asset_folder\":\"\",\"display_name\":\"zkpjaeewycle4srpbjje\",\"original_filename\":\"file\",\"api_key\":\"529552485213578\"}","server":"media-service","timestamp":"2025-12-03T08:24:34.084Z"}
{"level":"info","message":"identity-service is running on port 3003","server":"media-service","timestamp":"2025-12-03T12:07:27.205Z"}
{"level":"info","message":"Connected to MongoDB","server":"media-service","timestamp":"2025-12-03T12:07:27.253Z"}
{"level":"info","message":"identity-service is running on port 3003","server":"media-service","timestamp":"2025-12-03T12:11:18.602Z"}
{"level":"info","message":"Connected to MongoDB","server":"media-service","timestamp":"2025-12-03T12:11:18.648Z"}
{"level":"info","message":"identity-service is running on port 3003","server":"media-service","timestamp":"2025-12-03T12:12:12.811Z"}
{"level":"info","message":"Connected to MongoDB","server":"media-service","timestamp":"2025-12-03T12:12:12.856Z"}
{"level":"info","message":"identity-service is running on port 3003","server":"media-service","timestamp":"2025-12-03T12:12:16.301Z"}
{"level":"info","message":"Connected to MongoDB","server":"media-service","timestamp":"2025-12-03T12:12:16.352Z"}
{"level":"info","message":"identity-service is running on port 3003","server":"media-service","timestamp":"2025-12-03T12:12:17.784Z"}
{"level":"info","message":"Connected to MongoDB","server":"media-service","timestamp":"2025-12-03T12:12:17.832Z"}
{"level":"info","message":"identity-service is running on port 3003","server":"media-service","timestamp":"2025-12-03T12:12:19.277Z"}
{"level":"info","message":"Connected to MongoDB","server":"media-service","timestamp":"2025-12-03T12:12:19.322Z"}
{"level":"info","message":"identity-service is running on port 3003","server":"media-service","timestamp":"2025-12-03T12:12:22.253Z"}
{"level":"info","message":"Connected to MongoDB","server":"media-service","timestamp":"2025-12-03T12:12:22.297Z"}
{"level":"info","message":"identity-service is running on port 3003","server":"media-service","timestamp":"2025-12-03T12:12:37.999Z"}
{"level":"info","message":"Connected to MongoDB","server":"media-service","timestamp":"2025-12-03T12:12:38.042Z"}
{"level":"info","message":"identity-service is running on port 3003","server":"media-service","timestamp":"2025-12-03T12:12:42.832Z"}
{"level":"info","message":"Connected to MongoDB","server":"media-service","timestamp":"2025-12-03T12:12:42.878Z"}
{"level":"info","message":"identity-service is running on port 3003","server":"media-service","timestamp":"2025-12-03T12:13:16.062Z"}
{"level":"info","message":"Connected to MongoDB","server":"media-service","timestamp":"2025-12-03T12:13:16.108Z"}
{"level":"info","message":"identity-service is running on port 3003","server":"media-service","timestamp":"2025-12-03T12:13:22.841Z"}
{"level":"info","message":"Connected to MongoDB","server":"media-service","timestamp":"2025-12-03T12:13:22.887Z"}
{"level":"info","message":"identity-service is running on port 3003","server":"media-service","timestamp":"2025-12-03T12:14:58.921Z"}
{"level":"info","message":"Connected to MongoDB","server":"media-service","timestamp":"2025-12-03T12:14:58.966Z"}
{"level":"info","message":"identity-service is running on port 3003","server":"media-service","timestamp":"2025-12-03T12:15:08.711Z"}
{"level":"info","message":"Connected to MongoDB","server":"media-service","timestamp":"2025-12-03T12:15:08.766Z"}
{"level":"info","message":"identity-service is running on port 3003","server":"media-service","timestamp":"2025-12-03T12:15:44.893Z"}
{"level":"info","message":"Connected to MongoDB","server":"media-service","timestamp":"2025-12-03T12:15:44.934Z"}
{"level":"info","message":"identity-service is running on port 3003","server":"media-service","timestamp":"2025-12-03T12:15:51.346Z"}
{"level":"info","message":"Connected to MongoDB","server":"media-service","timestamp":"2025-12-03T12:15:51.388Z"}
{"level":"info","message":"identity-service is running on port 3003","server":"media-service","timestamp":"2025-12-03T12:16:05.394Z"}
{"level":"info","message":"Connected to MongoDB","server":"media-service","timestamp":"2025-12-03T12:16:05.441Z"}
{"level":"info","message":"identity-service is running on port 3003","server":"media-service","timestamp":"2025-12-03T12:16:08.164Z"}
{"level":"info","message":"Connected to MongoDB","server":"media-service","timestamp":"2025-12-03T12:16:08.209Z"}
{"level":"info","message":"identity-service is running on port 3003","server":"media-service","timestamp":"2025-12-03T12:16:11.283Z"}
{"level":"info","message":"Connected to MongoDB","server":"media-service","timestamp":"2025-12-03T12:16:11.338Z"}
{"level":"info","message":"identity-service is running on port 3003","server":"media-service","timestamp":"2025-12-03T12:16:14.405Z"}
{"level":"info","message":"Connected to MongoDB","server":"media-service","timestamp":"2025-12-03T12:16:14.449Z"}
{"level":"info","message":"identity-service is running on port 3003","server":"media-service","timestamp":"2025-12-03T12:16:15.517Z"}
{"level":"info","message":"Connected to MongoDB","server":"media-service","timestamp":"2025-12-03T12:16:15.559Z"}
{"level":"info","message":"identity-service is running on port 3003","server":"media-service","timestamp":"2025-12-03T12:16:22.819Z"}
{"level":"info","message":"Connected to MongoDB","server":"media-service","timestamp":"2025-12-03T12:16:22.864Z"}
{"level":"info","message":"identity-service is running on port 3003","server":"media-service","timestamp":"2025-12-03T12:16:33.371Z"}
{"level":"info","message":"Connected to MongoDB","server":"media-service","timestamp":"2025-12-03T12:16:33.420Z"}
{"level":"info","message":"identity-service is running on port 3003","server":"media-service","timestamp":"2025-12-03T12:16:46.153Z"}
{"level":"info","message":"Connected to MongoDB","server":"media-service","timestamp":"2025-12-03T12:16:46.196Z"}
{"level":"info","message":"identity-service is running on port 3003","server":"media-service","timestamp":"2025-12-03T12:17:23.631Z"}
{"level":"info","message":"Connected to MongoDB","server":"media-service","timestamp":"2025-12-03T12:17:23.677Z"}
{"level":"info","message":"identity-service is running on port 3003","server":"media-service","timestamp":"2025-12-03T12:17:40.938Z"}
{"level":"info","message":"Connected to MongoDB","server":"media-service","timestamp":"2025-12-03T12:17:40.982Z"}
{"level":"info","message":"identity-service is running on port 3003","server":"media-service","timestamp":"2025-12-03T12:17:42.467Z"}
{"level":"info","message":"Connected to MongoDB","server":"media-service","timestamp":"2025-12-03T12:17:42.510Z"}
{"level":"info","message":"identity-service is running on port 3003","server":"media-service","timestamp":"2025-12-03T12:17:46.805Z"}
{"level":"info","message":"Connected to MongoDB","server":"media-service","timestamp":"2025-12-03T12:17:46.844Z"}
{"level":"info","message":"identity-service is running on port 3003","server":"media-service","timestamp":"2025-12-03T12:18:14.792Z"}
{"level":"info","message":"Connected to MongoDB","server":"media-service","timestamp":"2025-12-03T12:18:14.852Z"}
{"level":"info","message":"identity-service is running on port 3003","server":"media-service","timestamp":"2025-12-03T12:18:32.543Z"}
{"level":"info","message":"Connected to MongoDB","server":"media-service","timestamp":"2025-12-03T12:18:32.583Z"}
{"level":"info","message":"identity-service is running on port 3003","server":"media-service","timestamp":"2025-12-03T12:18:38.942Z"}
{"level":"info","message":"Connected to MongoDB","server":"media-service","timestamp":"2025-12-03T12:18:38.982Z"}
{"level":"info","message":"identity-service is running on port 3003","server":"media-service","timestamp":"2025-12-03T12:18:40.075Z"}
{"level":"info","message":"Connected to MongoDB","server":"media-service","timestamp":"2025-12-03T12:18:40.129Z"}
{"level":"info","message":"identity-service is running on port 3003","server":"media-service","timestamp":"2025-12-03T12:18:53.818Z"}
{"level":"info","message":"Connected to MongoDB","server":"media-service","timestamp":"2025-12-03T12:18:53.861Z"}
{"level":"info","message":"identity-service is running on port 3003","server":"media-service","timestamp":"2025-12-03T12:19:03.931Z"}
{"level":"info","message":"Connected to MongoDB","server":"media-service","timestamp":"2025-12-03T12:19:03.973Z"}
{"level":"info","message":"identity-service is running on port 3003","server":"media-service","timestamp":"2025-12-03T12:19:06.324Z"}
{"level":"info","message":"Connected to MongoDB","server":"media-service","timestamp":"2025-12-03T12:19:06.386Z"}
{"level":"info","message":"identity-service is running on port 3003","server":"media-service","timestamp":"2025-12-03T12:19:10.902Z"}
{"level":"info","message":"Connected to MongoDB","server":"media-service","timestamp":"2025-12-03T12:19:10.955Z"}
{"level":"info","message":"identity-service is running on port 3003","server":"media-service","timestamp":"2025-12-03T12:19:12.454Z"}
{"level":"info","message":"Connected to MongoDB","server":"media-service","timestamp":"2025-12-03T12:19:12.495Z"}
{"level":"info","message":"identity-service is running on port 3003","server":"media-service","timestamp":"2025-12-03T12:19:13.455Z"}
{"level":"info","message":"Connected to MongoDB","server":"media-service","timestamp":"2025-12-03T12:19:13.499Z"}
{"level":"info","message":"identity-service is running on port 3003","server":"media-service","timestamp":"2025-12-03T12:19:37.539Z"}
{"level":"info","message":"Connected to MongoDB","server":"media-service","timestamp":"2025-12-03T12:19:37.582Z"}
{"level":"info","message":"identity-service is running on port 3003","server":"media-service","timestamp":"2025-12-03T12:19:46.626Z"}
{"level":"info","message":"Connected to MongoDB","server":"media-service","timestamp":"2025-12-03T12:19:46.695Z"}
{"level":"info","message":"identity-service is running on port 3003","server":"media-service","timestamp":"2025-12-03T12:19:53.717Z"}
{"level":"info","message":"Connected to MongoDB","server":"media-service","timestamp":"2025-12-03T12:19:53.767Z"}
{"level":"info","message":"identity-service is running on port 3003","server":"media-service","timestamp":"2025-12-03T12:19:58.170Z"}
{"level":"info","message":"Connected to MongoDB","server":"media-service","timestamp":"2025-12-03T12:19:58.224Z"}
{"level":"info","message":"identity-service is running on port 3003","server":"media-service","timestamp":"2025-12-03T12:20:00.155Z"}
{"level":"info","message":"Connected to MongoDB","server":"media-service","timestamp":"2025-12-03T12:20:00.200Z"}
{"level":"info","message":"identity-service is running on port 3003","server":"media-service","timestamp":"2025-12-03T12:20:10.666Z"}
{"level":"info","message":"Connected to MongoDB","server":"media-service","timestamp":"2025-12-03T12:20:10.713Z"}
{"level":"info","message":"identity-service is running on port 3003","server":"media-service","timestamp":"2025-12-03T12:20:12.140Z"}
{"level":"info","message":"Connected to MongoDB","server":"media-service","timestamp":"2025-12-03T12:20:12.187Z"}
{"level":"info","message":"identity-service is running on port 3003","server":"media-service","timestamp":"2025-12-03T12:21:04.009Z"}
{"level":"info","message":"Connected to MongoDB","server":"media-service","timestamp":"2025-12-03T12:21:04.061Z"}
{"level":"info","message":"Received GET request to /api/media/get","server":"media-service","timestamp":"2025-12-03T12:24:24.259Z"}
{"level":"info","message":"Request body: undefined","server":"media-service","timestamp":"2025-12-03T12:24:24.260Z"}
{"level":"info","message":"Received POST request to /api/media/upload","server":"media-service","timestamp":"2025-12-03T12:29:36.399Z"}
{"level":"info","message":"Request body: undefined","server":"media-service","timestamp":"2025-12-03T12:29:36.400Z"}
{"level":"info","message":"starting media upload","server":"media-service","timestamp":"2025-12-03T12:29:36.420Z"}
{"level":"info","message":"file details: name=daniel.jpg, mimeType=image/jpeg, userId=6915ca33b2c51cec0cb47784","server":"media-service","timestamp":"2025-12-03T12:29:36.421Z"}
{"level":"info","message":"uploading media to cloudinary","server":"media-service","timestamp":"2025-12-03T12:29:36.421Z"}
{"level":"info","message":"media uploaded successfully. result={\"asset_id\":\"3e1cf1dc4a91f8a9dee5c71b1582d506\",\"public_id\":\"bqsngetmzbyrbdpvnkvs\",\"version\":1764764991,\"version_id\":\"9467ae124be9112bdec31375bc705509\",\"signature\":\"23cc3415e99119f191cee39e18e4c8b5c9fcc5a4\",\"width\":3000,\"height\":2998,\"format\":\"jpg\",\"resource_type\":\"image\",\"created_at\":\"2025-12-03T12:29:51Z\",\"tags\":[],\"bytes\":1349883,\"type\":\"upload\",\"etag\":\"953d071571ce40ead442f9d29bfa936a\",\"placeholder\":false,\"url\":\"http://res.cloudinary.com/diroxatha/image/upload/v1764764991/bqsngetmzbyrbdpvnkvs.jpg\",\"secure_url\":\"https://res.cloudinary.com/diroxatha/image/upload/v1764764991/bqsngetmzbyrbdpvnkvs.jpg\",\"asset_folder\":\"\",\"display_name\":\"bqsngetmzbyrbdpvnkvs\",\"original_filename\":\"file\",\"api_key\":\"529552485213578\"}","server":"media-service","timestamp":"2025-12-03T12:29:52.102Z"}
{"level":"info","message":"Received GET request to /api/media/get","server":"media-service","timestamp":"2025-12-03T12:34:39.862Z"}
{"level":"info","message":"Request body: undefined","server":"media-service","timestamp":"2025-12-03T12:34:39.862Z"}
{"level":"info","message":"identity-service is running on port 3003","server":"media-service","timestamp":"2025-12-03T15:02:43.809Z"}
{"level":"info","message":"Connected to MongoDB","server":"media-service","timestamp":"2025-12-03T15:02:43.855Z"}
{"level":"info","message":"identity-service is running on port 3003","server":"media-service","timestamp":"2025-12-03T15:03:44.369Z"}
{"level":"info","message":"Connected to MongoDB","server":"media-service","timestamp":"2025-12-03T15:03:44.418Z"}
{"level":"info","message":"identity-service is running on port 3003","server":"media-service","timestamp":"2025-12-03T15:04:08.059Z"}
{"level":"info","message":"Connected to MongoDB","server":"media-service","timestamp":"2025-12-03T15:04:08.108Z"}
{"level":"info","message":"identity-service is running on port 3003","server":"media-service","timestamp":"2025-12-03T15:04:22.679Z"}
{"level":"info","message":"Connected to MongoDB","server":"media-service","timestamp":"2025-12-03T15:04:22.731Z"}
{"level":"info","message":"identity-service is running on port 3003","server":"media-service","timestamp":"2025-12-03T15:04:31.543Z"}
{"level":"info","message":"Connected to MongoDB","server":"media-service","timestamp":"2025-12-03T15:04:31.585Z"}
{"level":"info","message":"identity-service is running on port 3003","server":"media-service","timestamp":"2025-12-03T15:04:36.758Z"}
{"level":"info","message":"Connected to MongoDB","server":"media-service","timestamp":"2025-12-03T15:04:36.799Z"}
{"level":"info","message":"identity-service is running on port 3003","server":"media-service","timestamp":"2025-12-03T15:04:43.945Z"}
{"level":"info","message":"Connected to MongoDB","server":"media-service","timestamp":"2025-12-03T15:04:43.989Z"}
{"level":"info","message":"identity-service is running on port 3003","server":"media-service","timestamp":"2025-12-03T15:04:46.409Z"}
{"level":"info","message":"Connected to MongoDB","server":"media-service","timestamp":"2025-12-03T15:04:46.457Z"}
{"level":"info","message":"identity-service is running on port 3003","server":"media-service","timestamp":"2025-12-03T15:04:56.287Z"}
{"level":"info","message":"Connected to MongoDB","server":"media-service","timestamp":"2025-12-03T15:04:56.335Z"}
{"level":"info","message":"identity-service is running on port 3003","server":"media-service","timestamp":"2025-12-03T15:04:58.726Z"}
{"level":"info","message":"Connected to MongoDB","server":"media-service","timestamp":"2025-12-03T15:04:58.767Z"}
{"level":"info","message":"identity-service is running on port 3003","server":"media-service","timestamp":"2025-12-03T15:05:06.553Z"}
{"level":"info","message":"Connected to MongoDB","server":"media-service","timestamp":"2025-12-03T15:05:06.596Z"}
{"level":"info","message":"identity-service is running on port 3003","server":"media-service","timestamp":"2025-12-03T15:05:09.313Z"}
{"level":"info","message":"Connected to MongoDB","server":"media-service","timestamp":"2025-12-03T15:05:09.379Z"}
{"level":"info","message":"identity-service is running on port 3003","server":"media-service","timestamp":"2025-12-03T15:05:11.468Z"}
{"level":"info","message":"Connected to MongoDB","server":"media-service","timestamp":"2025-12-03T15:05:11.517Z"}
{"level":"info","message":"identity-service is running on port 3003","server":"media-service","timestamp":"2025-12-03T15:05:34.085Z"}
{"level":"info","message":"Connected to MongoDB","server":"media-service","timestamp":"2025-12-03T15:05:34.129Z"}
{"level":"info","message":"identity-service is running on port 3003","server":"media-service","timestamp":"2025-12-03T15:05:40.245Z"}
{"level":"info","message":"Connected to MongoDB","server":"media-service","timestamp":"2025-12-03T15:05:40.294Z"}
{"level":"info","message":"identity-service is running on port 3003","server":"media-service","timestamp":"2025-12-03T15:05:44.148Z"}
{"level":"info","message":"Connected to MongoDB","server":"media-service","timestamp":"2025-12-03T15:05:44.187Z"}
{"level":"info","message":"identity-service is running on port 3003","server":"media-service","timestamp":"2025-12-03T15:05:46.184Z"}
{"level":"info","message":"Connected to MongoDB","server":"media-service","timestamp":"2025-12-03T15:05:46.235Z"}
{"level":"info","message":"identity-service is running on port 3003","server":"media-service","timestamp":"2025-12-03T15:05:52.161Z"}
{"level":"info","message":"Connected to MongoDB","server":"media-service","timestamp":"2025-12-03T15:05:52.202Z"}
{"level":"info","message":"identity-service is running on port 3003","server":"media-service","timestamp":"2025-12-03T15:05:53.796Z"}
{"level":"info","message":"Connected to MongoDB","server":"media-service","timestamp":"2025-12-03T15:05:53.837Z"}
{"level":"info","message":"identity-service is running on port 3003","server":"media-service","timestamp":"2025-12-03T15:06:00.595Z"}
{"level":"info","message":"Connected to MongoDB","server":"media-service","timestamp":"2025-12-03T15:06:00.645Z"}
{"level":"info","message":"identity-service is running on port 3003","server":"media-service","timestamp":"2025-12-03T15:06:02.736Z"}
{"level":"info","message":"Connected to MongoDB","server":"media-service","timestamp":"2025-12-03T15:06:02.786Z"}
{"level":"info","message":"identity-service is running on port 3003","server":"media-service","timestamp":"2025-12-03T15:06:04.546Z"}
{"level":"info","message":"Connected to MongoDB","server":"media-service","timestamp":"2025-12-03T15:06:04.586Z"}
{"level":"info","message":"identity-service is running on port 3003","server":"media-service","timestamp":"2025-12-03T15:06:07.430Z"}
{"level":"info","message":"Connected to MongoDB","server":"media-service","timestamp":"2025-12-03T15:06:07.475Z"}
{"level":"info","message":"identity-service is running on port 3003","server":"media-service","timestamp":"2025-12-03T15:06:33.656Z"}
{"level":"info","message":"Connected to MongoDB","server":"media-service","timestamp":"2025-12-03T15:06:33.698Z"}
{"level":"info","message":"identity-service is running on port 3003","server":"media-service","timestamp":"2025-12-03T15:06:38.278Z"}
{"level":"info","message":"Connected to MongoDB","server":"media-service","timestamp":"2025-12-03T15:06:38.328Z"}
{"level":"info","message":"identity-service is running on port 3003","server":"media-service","timestamp":"2025-12-03T15:06:39.480Z"}
{"level":"info","message":"Connected to MongoDB","server":"media-service","timestamp":"2025-12-03T15:06:39.521Z"}
{"level":"info","message":"identity-service is running on port 3003","server":"media-service","timestamp":"2025-12-03T15:06:41.755Z"}
{"level":"info","message":"Connected to MongoDB","server":"media-service","timestamp":"2025-12-03T15:06:41.798Z"}
{"level":"info","message":"identity-service is running on port 3003","server":"media-service","timestamp":"2025-12-03T15:06:47.907Z"}
{"level":"info","message":"Connected to MongoDB","server":"media-service","timestamp":"2025-12-03T15:06:47.952Z"}
{"level":"info","message":"identity-service is running on port 3003","server":"media-service","timestamp":"2025-12-03T15:06:50.321Z"}
{"level":"info","message":"Connected to MongoDB","server":"media-service","timestamp":"2025-12-03T15:06:50.371Z"}
{"level":"info","message":"identity-service is running on port 3003","server":"media-service","timestamp":"2025-12-03T15:06:57.778Z"}
{"level":"info","message":"Connected to MongoDB","server":"media-service","timestamp":"2025-12-03T15:06:57.823Z"}
{"level":"info","message":"identity-service is running on port 3003","server":"media-service","timestamp":"2025-12-03T15:07:02.497Z"}
{"level":"info","message":"Connected to MongoDB","server":"media-service","timestamp":"2025-12-03T15:07:02.541Z"}
{"level":"info","message":"identity-service is running on port 3003","server":"media-service","timestamp":"2025-12-03T15:07:05.141Z"}
{"level":"info","message":"Connected to MongoDB","server":"media-service","timestamp":"2025-12-03T15:07:05.192Z"}
{"level":"info","message":"identity-service is running on port 3003","server":"media-service","timestamp":"2025-12-03T15:07:06.520Z"}
{"level":"info","message":"Connected to MongoDB","server":"media-service","timestamp":"2025-12-03T15:07:06.568Z"}
{"level":"info","message":"identity-service is running on port 3003","server":"media-service","timestamp":"2025-12-03T15:07:12.256Z"}
{"level":"info","message":"Connected to MongoDB","server":"media-service","timestamp":"2025-12-03T15:07:12.300Z"}
{"level":"info","message":"identity-service is running on port 3003","server":"media-service","timestamp":"2025-12-03T15:07:15.898Z"}
{"level":"info","message":"Connected to MongoDB","server":"media-service","timestamp":"2025-12-03T15:07:15.951Z"}
{"level":"info","message":"identity-service is running on port 3003","server":"media-service","timestamp":"2025-12-03T15:07:17.380Z"}
{"level":"info","message":"Connected to MongoDB","server":"media-service","timestamp":"2025-12-03T15:07:17.421Z"}
{"level":"info","message":"identity-service is running on port 3003","server":"media-service","timestamp":"2025-12-03T15:07:20.241Z"}
{"level":"info","message":"Connected to MongoDB","server":"media-service","timestamp":"2025-12-03T15:07:20.289Z"}
{"level":"info","message":"identity-service is running on port 3003","server":"media-service","timestamp":"2025-12-03T15:07:22.248Z"}
{"level":"info","message":"Connected to MongoDB","server":"media-service","timestamp":"2025-12-03T15:07:22.297Z"}
{"level":"info","message":"identity-service is running on port 3003","server":"media-service","timestamp":"2025-12-03T15:08:12.503Z"}
{"level":"info","message":"Connected to MongoDB","server":"media-service","timestamp":"2025-12-03T15:08:12.548Z"}
{"level":"info","message":"identity-service is running on port 3003","server":"media-service","timestamp":"2025-12-03T15:08:17.548Z"}
{"level":"info","message":"Connected to MongoDB","server":"media-service","timestamp":"2025-12-03T15:08:17.588Z"}
{"level":"info","message":"identity-service is running on port 3003","server":"media-service","timestamp":"2025-12-03T15:08:23.047Z"}
{"level":"info","message":"Connected to MongoDB","server":"media-service","timestamp":"2025-12-03T15:08:23.099Z"}
{"level":"info","message":"identity-service is running on port 3003","server":"media-service","timestamp":"2025-12-03T15:08:24.167Z"}
{"level":"info","message":"Connected to MongoDB","server":"media-service","timestamp":"2025-12-03T15:08:24.218Z"}
{"level":"info","message":"identity-service is running on port 3003","server":"media-service","timestamp":"2025-12-03T15:08:25.953Z"}
{"level":"info","message":"Connected to MongoDB","server":"media-service","timestamp":"2025-12-03T15:08:25.998Z"}
{"level":"info","message":"identity-service is running on port 3003","server":"media-service","timestamp":"2025-12-03T15:08:28.528Z"}
{"level":"info","message":"Connected to MongoDB","server":"media-service","timestamp":"2025-12-03T15:08:28.569Z"}
{"level":"info","message":"identity-service is running on port 3003","server":"media-service","timestamp":"2025-12-03T15:08:34.303Z"}
{"level":"info","message":"Connected to MongoDB","server":"media-service","timestamp":"2025-12-03T15:08:34.346Z"}
{"level":"info","message":"identity-service is running on port 3003","server":"media-service","timestamp":"2025-12-03T15:08:37.865Z"}
{"level":"info","message":"Connected to MongoDB","server":"media-service","timestamp":"2025-12-03T15:08:37.907Z"}
{"level":"info","message":"identity-service is running on port 3003","server":"media-service","timestamp":"2025-12-03T15:08:47.684Z"}
{"level":"info","message":"Connected to MongoDB","server":"media-service","timestamp":"2025-12-03T15:08:47.732Z"}
{"level":"info","message":"identity-service is running on port 3003","server":"media-service","timestamp":"2025-12-03T15:08:51.215Z"}
{"level":"info","message":"Connected to MongoDB","server":"media-service","timestamp":"2025-12-03T15:08:51.267Z"}
{"level":"info","message":"identity-service is running on port 3003","server":"media-service","timestamp":"2025-12-03T15:08:52.536Z"}
{"level":"info","message":"Connected to MongoDB","server":"media-service","timestamp":"2025-12-03T15:08:52.580Z"}
{"level":"info","message":"identity-service is running on port 3003","server":"media-service","timestamp":"2025-12-03T15:08:56.210Z"}
{"level":"info","message":"Connected to MongoDB","server":"media-service","timestamp":"2025-12-03T15:08:56.253Z"}
{"level":"info","message":"identity-service is running on port 3003","server":"media-service","timestamp":"2025-12-03T15:09:23.931Z"}
{"level":"info","message":"Connected to MongoDB","server":"media-service","timestamp":"2025-12-03T15:09:23.978Z"}
{"level":"info","message":"identity-service is running on port 3003","server":"media-service","timestamp":"2025-12-03T15:09:29.631Z"}
{"level":"info","message":"Connected to MongoDB","server":"media-service","timestamp":"2025-12-03T15:09:29.674Z"}
{"level":"info","message":"identity-service is running on port 3003","server":"media-service","timestamp":"2025-12-03T15:09:34.232Z"}
{"level":"info","message":"Connected to MongoDB","server":"media-service","timestamp":"2025-12-03T15:09:34.275Z"}
{"level":"info","message":"identity-service is running on port 3003","server":"media-service","timestamp":"2025-12-03T15:09:35.221Z"}
{"level":"info","message":"Connected to MongoDB","server":"media-service","timestamp":"2025-12-03T15:09:35.266Z"}
{"level":"info","message":"identity-service is running on port 3003","server":"media-service","timestamp":"2025-12-03T15:09:36.231Z"}
{"level":"info","message":"Connected to MongoDB","server":"media-service","timestamp":"2025-12-03T15:09:36.280Z"}
{"level":"info","message":"identity-service is running on port 3003","server":"media-service","timestamp":"2025-12-03T15:09:41.942Z"}
{"level":"info","message":"Connected to MongoDB","server":"media-service","timestamp":"2025-12-03T15:09:41.998Z"}
{"level":"info","message":"identity-service is running on port 3003","server":"media-service","timestamp":"2025-12-03T15:09:43.440Z"}
{"level":"info","message":"Connected to MongoDB","server":"media-service","timestamp":"2025-12-03T15:09:43.486Z"}
{"level":"info","message":"identity-service is running on port 3003","server":"media-service","timestamp":"2025-12-03T15:10:05.145Z"}
{"level":"info","message":"Connected to MongoDB","server":"media-service","timestamp":"2025-12-03T15:10:05.214Z"}
{"level":"info","message":"identity-service is running on port 3003","server":"media-service","timestamp":"2025-12-03T15:10:13.738Z"}
{"level":"info","message":"Connected to MongoDB","server":"media-service","timestamp":"2025-12-03T15:10:13.786Z"}
{"level":"info","message":"identity-service is running on port 3003","server":"media-service","timestamp":"2025-12-03T15:10:17.683Z"}
{"level":"info","message":"Connected to MongoDB","server":"media-service","timestamp":"2025-12-03T15:10:17.726Z"}
{"level":"info","message":"identity-service is running on port 3003","server":"media-service","timestamp":"2025-12-03T15:10:22.269Z"}
{"level":"info","message":"Connected to MongoDB","server":"media-service","timestamp":"2025-12-03T15:10:22.314Z"}
{"level":"info","message":"identity-service is running on port 3003","server":"media-service","timestamp":"2025-12-03T15:10:27.109Z"}
{"level":"info","message":"Connected to MongoDB","server":"media-service","timestamp":"2025-12-03T15:10:27.154Z"}
{"level":"info","message":"identity-service is running on port 3003","server":"media-service","timestamp":"2025-12-03T15:10:34.641Z"}
{"level":"info","message":"Connected to MongoDB","server":"media-service","timestamp":"2025-12-03T15:10:34.689Z"}
{"level":"info","message":"identity-service is running on port 3003","server":"media-service","timestamp":"2025-12-03T15:10:42.845Z"}
{"level":"info","message":"Connected to MongoDB","server":"media-service","timestamp":"2025-12-03T15:10:42.895Z"}
{"level":"info","message":"identity-service is running on port 3003","server":"media-service","timestamp":"2025-12-03T15:10:44.300Z"}
{"level":"info","message":"Connected to MongoDB","server":"media-service","timestamp":"2025-12-03T15:10:44.340Z"}
{"level":"info","message":"identity-service is running on port 3003","server":"media-service","timestamp":"2025-12-03T15:10:53.555Z"}
{"level":"info","message":"Connected to MongoDB","server":"media-service","timestamp":"2025-12-03T15:10:53.598Z"}
{"level":"info","message":"identity-service is running on port 3003","server":"media-service","timestamp":"2025-12-03T15:11:11.511Z"}
{"level":"info","message":"Connected to MongoDB","server":"media-service","timestamp":"2025-12-03T15:11:11.561Z"}
{"level":"info","message":"identity-service is running on port 3003","server":"media-service","timestamp":"2025-12-03T15:11:40.563Z"}
{"level":"info","message":"Connected to MongoDB","server":"media-service","timestamp":"2025-12-03T15:11:40.616Z"}
{"level":"info","message":"identity-service is running on port 3003","server":"media-service","timestamp":"2025-12-03T15:11:41.853Z"}
{"level":"info","message":"Connected to MongoDB","server":"media-service","timestamp":"2025-12-03T15:11:41.893Z"}
{"level":"info","message":"identity-service is running on port 3003","server":"media-service","timestamp":"2025-12-03T15:11:46.152Z"}
{"level":"info","message":"Connected to MongoDB","server":"media-service","timestamp":"2025-12-03T15:11:46.192Z"}
{"level":"info","message":"identity-service is running on port 3003","server":"media-service","timestamp":"2025-12-03T15:11:51.607Z"}
{"level":"info","message":"Connected to MongoDB","server":"media-service","timestamp":"2025-12-03T15:11:51.653Z"}
{"level":"info","message":"identity-service is running on port 3003","server":"media-service","timestamp":"2025-12-03T15:11:54.921Z"}
{"level":"info","message":"Connected to MongoDB","server":"media-service","timestamp":"2025-12-03T15:11:54.965Z"}
{"level":"info","message":"Connected to MongoDB","server":"media-service","timestamp":"2025-12-03T15:12:00.355Z"}
{"level":"info","message":"Connected to MongoDB","server":"media-service","timestamp":"2025-12-03T15:12:03.525Z"}
{"level":"info","message":"Connected to MongoDB","server":"media-service","timestamp":"2025-12-03T15:12:05.661Z"}
{"level":"info","message":"identity-service is running on port 3003","server":"media-service","timestamp":"2025-12-03T15:12:14.491Z"}
{"level":"info","message":"Connected to MongoDB","server":"media-service","timestamp":"2025-12-03T15:12:14.538Z"}
{"level":"info","message":"i-service is running on port 3003","server":"media-service","timestamp":"2025-12-03T15:12:42.625Z"}
{"level":"info","message":"Connected to MongoDB","server":"media-service","timestamp":"2025-12-03T15:12:42.673Z"}
{"level":"info","message":"media-service is running on port 3003","server":"media-service","timestamp":"2025-12-03T15:12:44.565Z"}
{"level":"info","message":"Connected to MongoDB","server":"media-service","timestamp":"2025-12-03T15:12:44.605Z"}
{"level":"info","message":"media-service is running on port 3003","server":"media-service","timestamp":"2025-12-03T15:13:24.734Z"}
{"level":"info","message":"Connected to MongoDB","server":"media-service","timestamp":"2025-12-03T15:13:24.786Z"}
{"level":"info","message":"Connected to MongoDB","server":"media-service","timestamp":"2025-12-03T15:20:28.779Z"}
{"level":"info","message":"connected to rabbitmq","server":"media-service","timestamp":"2025-12-03T15:20:28.837Z"}
{"level":"info","message":"event consumed: post.deleted","server":"media-service","timestamp":"2025-12-03T15:20:28.932Z"}
{"level":"info","message":"media-service is running on port 3003","server":"media-service","timestamp":"2025-12-03T15:20:28.935Z"}
{"level":"info","message":"Connected to MongoDB","server":"media-service","timestamp":"2025-12-03T15:52:00.558Z"}
{"level":"info","message":"connected to rabbitmq","server":"media-service","timestamp":"2025-12-03T15:52:00.624Z"}
{"level":"info","message":"event consumed: post.deleted","server":"media-service","timestamp":"2025-12-03T15:52:00.647Z"}
{"level":"info","message":"media-service is running on port 3003","server":"media-service","timestamp":"2025-12-03T15:52:00.653Z"}
{"level":"info","message":"Connected to MongoDB","server":"media-service","timestamp":"2025-12-03T15:53:35.401Z"}
{"level":"info","message":"connected to rabbitmq","server":"media-service","timestamp":"2025-12-03T15:53:35.470Z"}
{"level":"info","message":"event consumed: post.deleted","server":"media-service","timestamp":"2025-12-03T15:53:35.491Z"}
{"level":"info","message":"media-service is running on port 3003","server":"media-service","timestamp":"2025-12-03T15:53:35.495Z"}
{"level":"info","message":"Connected to MongoDB","server":"media-service","timestamp":"2025-12-03T15:55:45.367Z"}
{"level":"info","message":"connected to rabbitmq","server":"media-service","timestamp":"2025-12-03T15:55:45.438Z"}
{"level":"info","message":"event consumed: post.deleted","server":"media-service","timestamp":"2025-12-03T15:55:45.456Z"}
{"level":"info","message":"media-service is running on port 3003","server":"media-service","timestamp":"2025-12-03T15:55:45.462Z"}
{"level":"info","message":"Received GET request to /api/media/get","server":"media-service","timestamp":"2025-12-03T18:05:45.757Z"}
{"level":"info","message":"Request body: undefined","server":"media-service","timestamp":"2025-12-03T18:05:45.758Z"}
{"level":"info","message":"Received GET request to /api/media/get","server":"media-service","timestamp":"2025-12-03T18:06:51.728Z"}
{"level":"info","message":"Request body: undefined","server":"media-service","timestamp":"2025-12-03T18:06:51.729Z"}
{"level":"info","message":"Received GET request to /api/media/get","server":"media-service","timestamp":"2025-12-03T18:07:13.235Z"}
{"level":"info","message":"Request body: undefined","server":"media-service","timestamp":"2025-12-03T18:07:13.236Z"}
{"level":"info","message":"Received GET request to /api/media/get","server":"media-service","timestamp":"2025-12-03T18:07:16.830Z"}
{"level":"info","message":"Request body: undefined","server":"media-service","timestamp":"2025-12-03T18:07:16.831Z"}
{"level":"info","message":"Received GET request to /api/media/get","server":"media-service","timestamp":"2025-12-03T18:07:17.658Z"}
{"level":"info","message":"Request body: undefined","server":"media-service","timestamp":"2025-12-03T18:07:17.659Z"}
{"level":"info","message":"Received GET request to /api/media/get","server":"media-service","timestamp":"2025-12-03T18:09:35.673Z"}
{"level":"info","message":"Request body: undefined","server":"media-service","timestamp":"2025-12-03T18:09:35.674Z"}
{"level":"info","message":"Received GET request to /api/media/get","server":"media-service","timestamp":"2025-12-03T18:11:32.671Z"}
{"level":"info","message":"Request body: undefined","server":"media-service","timestamp":"2025-12-03T18:11:32.672Z"}
{"level":"info","message":"Received GET request to /api/media/get","server":"media-service","timestamp":"2025-12-03T18:11:40.486Z"}
{"level":"info","message":"Request body: undefined","server":"media-service","timestamp":"2025-12-03T18:11:40.487Z"}
{"level":"info","message":"Received GET request to /api/media/get","server":"media-service","timestamp":"2025-12-03T18:11:59.439Z"}
{"level":"info","message":"Request body: undefined","server":"media-service","timestamp":"2025-12-03T18:11:59.440Z"}
{"level":"info","message":"Connected to MongoDB","server":"media-service","timestamp":"2025-12-03T18:13:01.806Z"}
{"level":"info","message":"connected to rabbitmq","server":"media-service","timestamp":"2025-12-03T18:13:01.876Z"}
{"level":"info","message":"event consumed: post.deleted","server":"media-service","timestamp":"2025-12-03T18:13:01.897Z"}
{"level":"info","message":"media-service is running on port 3003","server":"media-service","timestamp":"2025-12-03T18:13:01.902Z"}
{"level":"info","message":"Received GET request to /api/media/get","server":"media-service","timestamp":"2025-12-03T18:23:18.584Z"}
{"level":"info","message":"Request body: undefined","server":"media-service","timestamp":"2025-12-03T18:23:18.585Z"}
{"level":"info","message":"Received GET request to /api/media/get","server":"media-service","timestamp":"2025-12-03T18:23:41.138Z"}
{"level":"info","message":"Request body: undefined","server":"media-service","timestamp":"2025-12-03T18:23:41.139Z"}
{"level":"info","message":"Received GET request to /api/media/get","server":"media-service","timestamp":"2025-12-03T18:25:55.504Z"}
{"level":"info","message":"Request body: undefined","server":"media-service","timestamp":"2025-12-03T18:25:55.505Z"}
{"level":"info","message":"Connected to MongoDB","server":"media-service","timestamp":"2025-12-03T18:29:31.064Z"}
{"level":"info","message":"connected to rabbitmq","server":"media-service","timestamp":"2025-12-03T18:29:31.129Z"}
{"level":"info","message":"event consumed: post.deleted","server":"media-service","timestamp":"2025-12-03T18:29:31.144Z"}
{"level":"info","message":"media-service is running on port 3003","server":"media-service","timestamp":"2025-12-03T18:29:31.147Z"}
{"level":"info","message":"Connected to MongoDB","server":"media-service","timestamp":"2025-12-03T18:29:42.727Z"}
{"level":"info","message":"connected to rabbitmq","server":"media-service","timestamp":"2025-12-03T18:29:42.793Z"}
{"level":"info","message":"event consumed: post.deleted","server":"media-service","timestamp":"2025-12-03T18:29:42.811Z"}
{"level":"info","message":"media-service is running on port 3003","server":"media-service","timestamp":"2025-12-03T18:29:42.816Z"}
{"level":"info","message":"Connected to MongoDB","server":"media-service","timestamp":"2025-12-03T18:30:55.987Z"}
{"level":"info","message":"connected to rabbitmq","server":"media-service","timestamp":"2025-12-03T18:30:56.057Z"}
{"level":"info","message":"event consumed: post.deleted","server":"media-service","timestamp":"2025-12-03T18:30:56.072Z"}
{"level":"info","message":"media-service is running on port 3003","server":"media-service","timestamp":"2025-12-03T18:30:56.077Z"}
{"level":"info","message":"Received GET request to /api/media/get","server":"media-service","timestamp":"2025-12-03T18:37:50.478Z"}
{"level":"info","message":"Request body: undefined","server":"media-service","timestamp":"2025-12-03T18:37:50.479Z"}
{"level":"info","message":"Received GET request to /api/media/get","server":"media-service","timestamp":"2025-12-03T18:39:04.704Z"}
{"level":"info","message":"Request body: undefined","server":"media-service","timestamp":"2025-12-03T18:39:04.705Z"}
{"level":"info","message":"Connected to MongoDB","server":"media-service","timestamp":"2025-12-03T18:43:14.232Z"}
{"level":"info","message":"connected to rabbitmq","server":"media-service","timestamp":"2025-12-03T18:43:14.290Z"}
{"level":"info","message":"event consumed: post.deleted","server":"media-service","timestamp":"2025-12-03T18:43:14.304Z"}
{"level":"info","message":"media-service is running on port 3003","server":"media-service","timestamp":"2025-12-03T18:43:14.308Z"}
{"level":"info","message":"Received GET request to /api/media/get","server":"media-service","timestamp":"2025-12-03T19:29:18.813Z"}
{"level":"info","message":"Request body: undefined","server":"media-service","timestamp":"2025-12-03T19:29:18.814Z"}
{"level":"info","message":"Received GET request to /api/media/get","server":"media-service","timestamp":"2025-12-03T22:51:34.614Z"}
{"level":"info","message":"Request body: undefined","server":"media-service","timestamp":"2025-12-03T22:51:34.615Z"}
{"level":"info","message":"Received GET request to /api/media/get","server":"media-service","timestamp":"2025-12-03T22:53:06.140Z"}
{"level":"info","message":"Request body: undefined","server":"media-service","timestamp":"2025-12-03T22:53:06.142Z"}
{"level":"info","message":"Connected to MongoDB","server":"media-service","timestamp":"2025-12-03T22:56:26.675Z"}
{"level":"info","message":"Connected to MongoDB","server":"media-service","timestamp":"2025-12-03T22:58:00.347Z"}
{"level":"info","message":"connected to rabbitmq","server":"media-service","timestamp":"2025-12-03T22:58:00.419Z"}
{"level":"info","message":"consumer started: post.deleted","server":"media-service","timestamp":"2025-12-03T22:58:00.441Z"}
{"level":"info","message":"media-service is running on port 3003","server":"media-service","timestamp":"2025-12-03T22:58:00.446Z"}
{"0":"e","1":"v","10":"e","11":"v","12":"e","13":"n","14":"t","2":"e","3":"n","4":"t","5":"e","6":"v","7":"e","8":"n","9":"t","level":"info","message":{"mediaIds":["692ff3c2a37fcebeebf754dc"],"postId":"6930c0b841507fd65e613e69","userId":"6915ca33b2c51cec0cb47784"},"server":"media-service","timestamp":"2025-12-03T22:59:20.387Z"}
{"level":"info","message":"Received POST request to /api/media/upload","server":"media-service","timestamp":"2025-12-03T23:00:13.769Z"}
{"level":"info","message":"Request body: undefined","server":"media-service","timestamp":"2025-12-03T23:00:13.770Z"}
{"level":"info","message":"starting media upload","server":"media-service","timestamp":"2025-12-03T23:00:13.800Z"}
{"level":"info","message":"file details: name=daniel.jpg, mimeType=image/jpeg, userId=6915ca33b2c51cec0cb47784","server":"media-service","timestamp":"2025-12-03T23:00:13.801Z"}
{"level":"info","message":"uploading media to cloudinary","server":"media-service","timestamp":"2025-12-03T23:00:13.802Z"}
{"level":"info","message":"media uploaded successfully. result={\"asset_id\":\"b70e7bca325b8ff897f1a86311faf7d7\",\"public_id\":\"a4vzgigkrr90ro7t7e0v\",\"version\":1764802829,\"version_id\":\"a744120871e730801a24332f6fc3dab8\",\"signature\":\"0487d489ae759d2ef49ef578563253b0893a193e\",\"width\":3000,\"height\":2998,\"format\":\"jpg\",\"resource_type\":\"image\",\"created_at\":\"2025-12-03T23:00:29Z\",\"tags\":[],\"bytes\":1349883,\"type\":\"upload\",\"etag\":\"953d071571ce40ead442f9d29bfa936a\",\"placeholder\":false,\"url\":\"http://res.cloudinary.com/diroxatha/image/upload/v1764802829/a4vzgigkrr90ro7t7e0v.jpg\",\"secure_url\":\"https://res.cloudinary.com/diroxatha/image/upload/v1764802829/a4vzgigkrr90ro7t7e0v.jpg\",\"asset_folder\":\"\",\"display_name\":\"a4vzgigkrr90ro7t7e0v\",\"original_filename\":\"file\",\"api_key\":\"529552485213578\"}","server":"media-service","timestamp":"2025-12-03T23:00:29.990Z"}
{"level":"info","message":"Received GET request to /api/media/get","server":"media-service","timestamp":"2025-12-03T23:00:32.638Z"}
{"level":"info","message":"Request body: undefined","server":"media-service","timestamp":"2025-12-03T23:00:32.639Z"}
{"level":"info","message":"Connected to MongoDB","server":"media-service","timestamp":"2025-12-03T23:01:51.189Z"}
{"level":"info","message":"connected to rabbitmq","server":"media-service","timestamp":"2025-12-03T23:01:51.258Z"}
{"level":"info","message":"consumer started: post.deleted","server":"media-service","timestamp":"2025-12-03T23:01:51.279Z"}
{"level":"info","message":"media-service is running on port 3003","server":"media-service","timestamp":"2025-12-03T23:01:51.283Z"}
